/opt/venvs/zero/lib/python3.11/site-packages/transformers/utils/generic.py:260: FutureWarning: `torch.utils._pytree._register_pytree_node` is deprecated. Please use `torch.utils._pytree.register_pytree_node` instead.
  torch.utils._pytree._register_pytree_node(
/opt/venvs/zero/lib/python3.11/site-packages/transformers/utils/generic.py:260: FutureWarning: `torch.utils._pytree._register_pytree_node` is deprecated. Please use `torch.utils._pytree.register_pytree_node` instead.
  torch.utils._pytree._register_pytree_node(
/opt/venvs/zero/lib/python3.11/site-packages/huggingface_hub/file_download.py:949: FutureWarning: `resume_download` is deprecated and will be removed in version 1.0.0. Downloads always resume when possible. If you want to force a new download, use `force_download=True`.
  warnings.warn(
load model
model.config = OPTConfig {
  "_name_or_path": "facebook/opt-2.7b",
  "_remove_final_layer_norm": false,
  "activation_dropout": 0.0,
  "activation_function": "relu",
  "architectures": [
    "OPTForCausalLM"
  ],
  "attention_dropout": 0.0,
  "bos_token_id": 2,
  "do_layer_norm_before": true,
  "dropout": 0.1,
  "enable_bias": true,
  "eos_token_id": 2,
  "ffn_dim": 10240,
  "hidden_size": 2560,
  "init_std": 0.02,
  "layer_norm_elementwise_affine": true,
  "layerdrop": 0.0,
  "max_position_embeddings": 2048,
  "model_type": "opt",
  "num_attention_heads": 32,
  "num_hidden_layers": 32,
  "pad_token_id": 1,
  "prefix": "</s>",
  "torch_dtype": "float16",
  "transformers_version": "4.33.0.dev0",
  "use_cache": true,
  "vocab_size": 50272,
  "word_embed_proj_dim": 2560
}

benchmark, prompt_len = 512, execute_gen_len = 32, input_ids.shape = torch.Size([64, 512])
token_latency=[9.850477933883667, 2.0639760494232178, 1.881742238998413, 1.8818674087524414, 1.88535737991333, 1.8906915187835693, 1.8920414447784424, 1.8959698677062988, 1.8960092067718506, 1.9009218215942383, 1.8992624282836914, 1.9042274951934814, 1.901585340499878, 1.901618480682373, 1.905930757522583, 1.909195899963379, 1.9065568447113037, 1.9085192680358887, 1.9081370830535889, 1.9114723205566406, 1.9088051319122314, 1.915029764175415, 1.9128823280334473, 1.9148178100585938, 1.918233871459961, 1.922032117843628, 1.9250941276550293, 1.9276456832885742, 1.9248919486999512, 1.9268338680267334, 1.9263536930084229, 1.9294469356536865]
token_latency=[9.847926139831543, 1.877903938293457, 1.883896827697754, 1.8795244693756104, 1.883133888244629, 1.8846800327301025, 1.8848671913146973, 1.8894898891448975, 1.8955011367797852, 1.8954493999481201, 1.8976058959960938, 1.8992958068847656, 1.9001994132995605, 1.903637170791626, 1.902120590209961, 1.903580665588379, 1.900986671447754, 1.9061567783355713, 1.9102516174316406, 1.9065124988555908, 1.9092552661895752, 1.9110581874847412, 1.9096260070800781, 1.9177522659301758, 1.9215948581695557, 1.9221258163452148, 1.9245920181274414, 1.9247455596923828, 1.924135684967041, 1.9281928539276123, 1.9269325733184814, 1.9244170188903809]
token_latency=[9.883648872375488, 1.8824598789215088, 1.8809995651245117, 1.8784878253936768, 1.8810296058654785, 1.883455753326416, 1.8789150714874268, 1.8815674781799316, 1.8820722103118896, 1.8849570751190186, 1.888782262802124, 1.8889703750610352, 1.8911521434783936, 1.8981335163116455, 1.8931498527526855, 1.901733636856079, 1.9060683250427246, 1.9018771648406982, 1.905172348022461, 1.9053692817687988, 1.9053947925567627, 1.9085309505462646, 1.9099113941192627, 1.9192280769348145, 1.9174330234527588, 1.9214870929718018, 1.9205796718597412, 1.9230749607086182, 1.928687334060669, 1.9245445728302002, 1.922797441482544, 1.9244065284729004]
[rank0]:[W423 13:02:18.144635519 ProcessGroupNCCL.cpp:1575] Warning: WARNING: destroy_process_group() was not called before program exit, which can leak resources. For more info, please see https://pytorch.org/docs/stable/distributed.html#shutdown (function operator())
