/opt/venvs/zero/lib/python3.11/site-packages/transformers/utils/generic.py:260: FutureWarning: `torch.utils._pytree._register_pytree_node` is deprecated. Please use `torch.utils._pytree.register_pytree_node` instead.
  torch.utils._pytree._register_pytree_node(
/opt/venvs/zero/lib/python3.11/site-packages/transformers/utils/generic.py:260: FutureWarning: `torch.utils._pytree._register_pytree_node` is deprecated. Please use `torch.utils._pytree.register_pytree_node` instead.
  torch.utils._pytree._register_pytree_node(
/opt/venvs/zero/lib/python3.11/site-packages/huggingface_hub/file_download.py:949: FutureWarning: `resume_download` is deprecated and will be removed in version 1.0.0. Downloads always resume when possible. If you want to force a new download, use `force_download=True`.
  warnings.warn(
load model
model.config = OPTConfig {
  "_name_or_path": "facebook/opt-2.7b",
  "_remove_final_layer_norm": false,
  "activation_dropout": 0.0,
  "activation_function": "relu",
  "architectures": [
    "OPTForCausalLM"
  ],
  "attention_dropout": 0.0,
  "bos_token_id": 2,
  "do_layer_norm_before": true,
  "dropout": 0.1,
  "enable_bias": true,
  "eos_token_id": 2,
  "ffn_dim": 10240,
  "hidden_size": 2560,
  "init_std": 0.02,
  "layer_norm_elementwise_affine": true,
  "layerdrop": 0.0,
  "max_position_embeddings": 2048,
  "model_type": "opt",
  "num_attention_heads": 32,
  "num_hidden_layers": 32,
  "pad_token_id": 1,
  "prefix": "</s>",
  "torch_dtype": "float16",
  "transformers_version": "4.33.0.dev0",
  "use_cache": true,
  "vocab_size": 50272,
  "word_embed_proj_dim": 2560
}

benchmark, prompt_len = 512, execute_gen_len = 32, input_ids.shape = torch.Size([32, 512])
token_latency=[4.868582010269165, 1.5226893424987793, 1.363548994064331, 1.3681755065917969, 1.3655312061309814, 1.3666949272155762, 1.3661794662475586, 1.369511604309082, 1.371225118637085, 1.3723235130310059, 1.3702971935272217, 1.3720512390136719, 1.3741788864135742, 1.3716340065002441, 1.3732848167419434, 1.3752272129058838, 1.3774514198303223, 1.3749182224273682, 1.380833625793457, 1.380645990371704, 1.3790156841278076, 1.380389928817749, 1.3769521713256836, 1.379443883895874, 1.3786795139312744, 1.3797187805175781, 1.3804430961608887, 1.3839128017425537, 1.3814713954925537, 1.3841001987457275, 1.3859210014343262, 1.3842158317565918]
token_latency=[4.955588102340698, 1.3592019081115723, 1.360084056854248, 1.3625807762145996, 1.361816644668579, 1.3627376556396484, 1.3666279315948486, 1.3714663982391357, 1.3677077293395996, 1.3662593364715576, 1.3704800605773926, 1.3685791492462158, 1.3689444065093994, 1.3738980293273926, 1.3714258670806885, 1.3753979206085205, 1.373265266418457, 1.3755173683166504, 1.383622646331787, 1.3796350955963135, 1.375560998916626, 1.3848135471343994, 1.377533197402954, 1.3789196014404297, 1.3778963088989258, 1.380854845046997, 1.384758472442627, 1.3852136135101318, 1.3853845596313477, 1.3836379051208496, 1.3836054801940918, 1.3847863674163818]
token_latency=[4.958118200302124, 1.3679404258728027, 1.3601348400115967, 1.3605616092681885, 1.3624184131622314, 1.363542079925537, 1.3652470111846924, 1.3652520179748535, 1.3693833351135254, 1.3710761070251465, 1.3732855319976807, 1.371145248413086, 1.3717215061187744, 1.3716282844543457, 1.3728199005126953, 1.372206211090088, 1.3777036666870117, 1.3762714862823486, 1.3775813579559326, 1.3769683837890625, 1.3757710456848145, 1.377516508102417, 1.3766498565673828, 1.3782639503479004, 1.3787245750427246, 1.379964828491211, 1.3817481994628906, 1.3807950019836426, 1.3826844692230225, 1.3833212852478027, 1.3844966888427734, 1.3829758167266846]
[rank0]:[W423 12:58:38.718205806 ProcessGroupNCCL.cpp:1575] Warning: WARNING: destroy_process_group() was not called before program exit, which can leak resources. For more info, please see https://pytorch.org/docs/stable/distributed.html#shutdown (function operator())
