/opt/venvs/zero/lib/python3.11/site-packages/transformers/utils/generic.py:260: FutureWarning: `torch.utils._pytree._register_pytree_node` is deprecated. Please use `torch.utils._pytree.register_pytree_node` instead.
  torch.utils._pytree._register_pytree_node(
/opt/venvs/zero/lib/python3.11/site-packages/transformers/utils/generic.py:260: FutureWarning: `torch.utils._pytree._register_pytree_node` is deprecated. Please use `torch.utils._pytree.register_pytree_node` instead.
  torch.utils._pytree._register_pytree_node(
/opt/venvs/zero/lib/python3.11/site-packages/huggingface_hub/file_download.py:949: FutureWarning: `resume_download` is deprecated and will be removed in version 1.0.0. Downloads always resume when possible. If you want to force a new download, use `force_download=True`.
  warnings.warn(
load model
model.config = OPTConfig {
  "_name_or_path": "facebook/opt-2.7b",
  "_remove_final_layer_norm": false,
  "activation_dropout": 0.0,
  "activation_function": "relu",
  "architectures": [
    "OPTForCausalLM"
  ],
  "attention_dropout": 0.0,
  "bos_token_id": 2,
  "do_layer_norm_before": true,
  "dropout": 0.1,
  "enable_bias": true,
  "eos_token_id": 2,
  "ffn_dim": 10240,
  "hidden_size": 2560,
  "init_std": 0.02,
  "layer_norm_elementwise_affine": true,
  "layerdrop": 0.0,
  "max_position_embeddings": 2048,
  "model_type": "opt",
  "num_attention_heads": 32,
  "num_hidden_layers": 32,
  "pad_token_id": 1,
  "prefix": "</s>",
  "torch_dtype": "float16",
  "transformers_version": "4.33.0.dev0",
  "use_cache": true,
  "vocab_size": 50272,
  "word_embed_proj_dim": 2560
}

benchmark, prompt_len = 512, execute_gen_len = 32, input_ids.shape = torch.Size([12, 512])
token_latency=[2.1758615970611572, 1.1923274993896484, 1.0443763732910156, 1.0408856868743896, 1.0424463748931885, 1.0423121452331543, 1.0410947799682617, 1.0416643619537354, 1.0413479804992676, 1.0431358814239502, 1.043118953704834, 1.0427660942077637, 1.0435504913330078, 1.045332670211792, 1.0452497005462646, 1.0458323955535889, 1.0448784828186035, 1.0454118251800537, 1.0458581447601318, 1.0453088283538818, 1.042839765548706, 1.0451314449310303, 1.0437898635864258, 1.0452868938446045, 1.0450949668884277, 1.0459825992584229, 1.0459718704223633, 1.0463848114013672, 1.0450513362884521, 1.0468883514404297, 1.0471045970916748, 1.0472755432128906]
token_latency=[1.969407081604004, 1.0383880138397217, 1.0409314632415771, 1.052309274673462, 1.0404396057128906, 1.0405118465423584, 1.0405089855194092, 1.0406086444854736, 1.0415918827056885, 1.042736530303955, 1.0415797233581543, 1.042175531387329, 1.0430798530578613, 1.044217586517334, 1.0588767528533936, 1.0436525344848633, 1.044175386428833, 1.044783115386963, 1.0452237129211426, 1.0436596870422363, 1.0430269241333008, 1.0428481101989746, 1.044497013092041, 1.0435512065887451, 1.0452837944030762, 1.0441694259643555, 1.0462722778320312, 1.0461912155151367, 1.0464723110198975, 1.045896053314209, 1.046421766281128, 1.0459625720977783]
token_latency=[2.0086288452148438, 1.0429527759552002, 1.0431535243988037, 1.054534673690796, 1.042318344116211, 1.042224407196045, 1.042588233947754, 1.0432343482971191, 1.0430445671081543, 1.0438108444213867, 1.044003963470459, 1.0426149368286133, 1.0445170402526855, 1.0436010360717773, 1.0428948402404785, 1.0440311431884766, 1.0444159507751465, 1.0470857620239258, 1.0473110675811768, 1.0464723110198975, 1.043811559677124, 1.0445775985717773, 1.0460619926452637, 1.048018217086792, 1.0460472106933594, 1.046095371246338, 1.0463054180145264, 1.047046184539795, 1.0475096702575684, 1.0475094318389893, 1.0488791465759277, 1.047929048538208]
[rank0]:[W423 14:25:36.391743421 ProcessGroupNCCL.cpp:1575] Warning: WARNING: destroy_process_group() was not called before program exit, which can leak resources. For more info, please see https://pytorch.org/docs/stable/distributed.html#shutdown (function operator())
