/opt/venvs/zero/lib/python3.11/site-packages/transformers/utils/generic.py:260: FutureWarning: `torch.utils._pytree._register_pytree_node` is deprecated. Please use `torch.utils._pytree.register_pytree_node` instead.
  torch.utils._pytree._register_pytree_node(
/opt/venvs/zero/lib/python3.11/site-packages/transformers/utils/generic.py:260: FutureWarning: `torch.utils._pytree._register_pytree_node` is deprecated. Please use `torch.utils._pytree.register_pytree_node` instead.
  torch.utils._pytree._register_pytree_node(
/opt/venvs/zero/lib/python3.11/site-packages/huggingface_hub/file_download.py:949: FutureWarning: `resume_download` is deprecated and will be removed in version 1.0.0. Downloads always resume when possible. If you want to force a new download, use `force_download=True`.
  warnings.warn(
load model
model.config = OPTConfig {
  "_name_or_path": "facebook/opt-1.3b",
  "_remove_final_layer_norm": false,
  "activation_dropout": 0.0,
  "activation_function": "relu",
  "architectures": [
    "OPTForCausalLM"
  ],
  "attention_dropout": 0.0,
  "bos_token_id": 2,
  "do_layer_norm_before": true,
  "dropout": 0.1,
  "enable_bias": true,
  "eos_token_id": 2,
  "ffn_dim": 8192,
  "hidden_size": 2048,
  "init_std": 0.02,
  "layer_norm_elementwise_affine": true,
  "layerdrop": 0.0,
  "max_position_embeddings": 2048,
  "model_type": "opt",
  "num_attention_heads": 32,
  "num_hidden_layers": 24,
  "pad_token_id": 1,
  "prefix": "</s>",
  "torch_dtype": "float16",
  "transformers_version": "4.33.0.dev0",
  "use_cache": true,
  "vocab_size": 50272,
  "word_embed_proj_dim": 2048
}

benchmark, prompt_len = 512, execute_gen_len = 32, input_ids.shape = torch.Size([4, 512])
token_latency=[0.8293588161468506, 0.6206562519073486, 0.4903998374938965, 0.49004244804382324, 0.495927095413208, 0.49196863174438477, 0.49010753631591797, 0.48983311653137207, 0.4897458553314209, 0.4912452697753906, 0.48963260650634766, 0.492708683013916, 0.5094029903411865, 0.5036461353302002, 0.4995112419128418, 0.5418357849121094, 0.5065762996673584, 0.496718168258667, 0.5703005790710449, 0.5387873649597168, 0.4965381622314453, 0.49101781845092773, 0.49160003662109375, 0.4981100559234619, 0.4916720390319824, 0.4974343776702881, 0.49012207984924316, 0.49007487297058105, 0.4910409450531006, 0.49649953842163086, 0.4922633171081543, 0.5054867267608643]
token_latency=[0.6878693103790283, 0.5275106430053711, 0.5184979438781738, 0.5253188610076904, 0.5216765403747559, 0.5315253734588623, 0.5151314735412598, 0.4999558925628662, 0.488706111907959, 0.4903106689453125, 0.49070262908935547, 0.48943471908569336, 0.4889688491821289, 0.4873933792114258, 0.48772573471069336, 0.49427080154418945, 0.5112333297729492, 0.4909400939941406, 0.49812936782836914, 0.5079822540283203, 0.4941573143005371, 0.4876389503479004, 0.4897167682647705, 0.4895775318145752, 0.49099159240722656, 0.4894368648529053, 0.492506742477417, 0.48868393898010254, 0.4879930019378662, 0.48848962783813477, 0.488680362701416, 0.4877607822418213]
token_latency=[0.6803534030914307, 0.48992156982421875, 0.48705244064331055, 0.4867575168609619, 0.48866939544677734, 0.48749351501464844, 0.48899340629577637, 0.4865875244140625, 0.4881281852722168, 0.4869384765625, 0.4884028434753418, 0.48684263229370117, 0.48740696907043457, 0.4871196746826172, 0.49173426628112793, 0.4877192974090576, 0.487987756729126, 0.48720836639404297, 0.486560583114624, 0.4871714115142822, 0.4873335361480713, 0.49582409858703613, 0.4879722595214844, 0.4874894618988037, 0.4904608726501465, 0.49201130867004395, 0.4883899688720703, 0.4881436824798584, 0.48704075813293457, 0.4875478744506836, 0.49500060081481934, 0.4881589412689209]
[rank0]:[W423 12:21:13.970995143 ProcessGroupNCCL.cpp:1575] Warning: WARNING: destroy_process_group() was not called before program exit, which can leak resources. For more info, please see https://pytorch.org/docs/stable/distributed.html#shutdown (function operator())
