/opt/venvs/zero/lib/python3.11/site-packages/transformers/utils/generic.py:260: FutureWarning: `torch.utils._pytree._register_pytree_node` is deprecated. Please use `torch.utils._pytree.register_pytree_node` instead.
  torch.utils._pytree._register_pytree_node(
/opt/venvs/zero/lib/python3.11/site-packages/transformers/utils/generic.py:260: FutureWarning: `torch.utils._pytree._register_pytree_node` is deprecated. Please use `torch.utils._pytree.register_pytree_node` instead.
  torch.utils._pytree._register_pytree_node(
/opt/venvs/zero/lib/python3.11/site-packages/huggingface_hub/file_download.py:949: FutureWarning: `resume_download` is deprecated and will be removed in version 1.0.0. Downloads always resume when possible. If you want to force a new download, use `force_download=True`.
  warnings.warn(
load model
model.config = OPTConfig {
  "_name_or_path": "facebook/opt-1.3b",
  "_remove_final_layer_norm": false,
  "activation_dropout": 0.0,
  "activation_function": "relu",
  "architectures": [
    "OPTForCausalLM"
  ],
  "attention_dropout": 0.0,
  "bos_token_id": 2,
  "do_layer_norm_before": true,
  "dropout": 0.1,
  "enable_bias": true,
  "eos_token_id": 2,
  "ffn_dim": 8192,
  "hidden_size": 2048,
  "init_std": 0.02,
  "layer_norm_elementwise_affine": true,
  "layerdrop": 0.0,
  "max_position_embeddings": 2048,
  "model_type": "opt",
  "num_attention_heads": 32,
  "num_hidden_layers": 24,
  "pad_token_id": 1,
  "prefix": "</s>",
  "torch_dtype": "float16",
  "transformers_version": "4.33.0.dev0",
  "use_cache": true,
  "vocab_size": 50272,
  "word_embed_proj_dim": 2048
}

benchmark, prompt_len = 512, execute_gen_len = 32, input_ids.shape = torch.Size([4, 512])
token_latency=[52.857417583465576, 0.3662378787994385, 0.2168409824371338, 0.21626687049865723, 0.2163848876953125, 0.2164144515991211, 0.21649885177612305, 0.2160022258758545, 0.21646428108215332, 0.21613669395446777, 0.21618318557739258, 0.21575093269348145, 0.21639633178710938, 0.21616172790527344, 0.21814703941345215, 0.21671152114868164, 0.2165541648864746, 0.21640491485595703, 0.2159891128540039, 0.21646547317504883, 0.2164013385772705, 0.21625900268554688, 0.21637487411499023, 0.21685457229614258, 0.2169029712677002, 0.21657609939575195, 0.2166457176208496, 0.2163856029510498, 0.21684861183166504, 0.21678447723388672, 0.21719717979431152, 0.21668386459350586]
token_latency=[0.3666245937347412, 0.21609997749328613, 0.21585702896118164, 0.21665334701538086, 0.21683359146118164, 0.21681618690490723, 0.21715736389160156, 0.217024564743042, 0.2189638614654541, 0.21700382232666016, 0.21755456924438477, 0.21741890907287598, 0.2173328399658203, 0.21678948402404785, 0.2171313762664795, 0.21719932556152344, 0.2163534164428711, 0.21654367446899414, 0.21664977073669434, 0.21657204627990723, 0.2167658805847168, 0.2168292999267578, 0.21683478355407715, 0.21667003631591797, 0.21786904335021973, 0.21728110313415527, 0.21715068817138672, 0.2174072265625, 0.21733331680297852, 0.2172231674194336, 0.21721386909484863, 0.21728062629699707]
token_latency=[0.3673391342163086, 0.21656107902526855, 0.2162930965423584, 0.21610426902770996, 0.21648812294006348, 0.21620583534240723, 0.21640229225158691, 0.216139554977417, 0.21622657775878906, 0.2155475616455078, 0.21658539772033691, 0.21704840660095215, 0.2168104648590088, 0.21675443649291992, 0.2169497013092041, 0.21698355674743652, 0.2164158821105957, 0.21639204025268555, 0.2163536548614502, 0.2166602611541748, 0.2169182300567627, 0.2172713279724121, 0.2170085906982422, 0.21728134155273438, 0.21729469299316406, 0.21703600883483887, 0.2170553207397461, 0.21775054931640625, 0.2175302505493164, 0.21736502647399902, 0.21762943267822266, 0.21715736389160156]
[rank0]:[W423 14:03:22.698568640 ProcessGroupNCCL.cpp:1575] Warning: WARNING: destroy_process_group() was not called before program exit, which can leak resources. For more info, please see https://pytorch.org/docs/stable/distributed.html#shutdown (function operator())
