/opt/venvs/zero/lib/python3.11/site-packages/transformers/utils/generic.py:260: FutureWarning: `torch.utils._pytree._register_pytree_node` is deprecated. Please use `torch.utils._pytree.register_pytree_node` instead.
  torch.utils._pytree._register_pytree_node(
/opt/venvs/zero/lib/python3.11/site-packages/transformers/utils/generic.py:260: FutureWarning: `torch.utils._pytree._register_pytree_node` is deprecated. Please use `torch.utils._pytree.register_pytree_node` instead.
  torch.utils._pytree._register_pytree_node(
/opt/venvs/zero/lib/python3.11/site-packages/huggingface_hub/file_download.py:949: FutureWarning: `resume_download` is deprecated and will be removed in version 1.0.0. Downloads always resume when possible. If you want to force a new download, use `force_download=True`.
  warnings.warn(
load model
model.config = OPTConfig {
  "_name_or_path": "facebook/opt-1.3b",
  "_remove_final_layer_norm": false,
  "activation_dropout": 0.0,
  "activation_function": "relu",
  "architectures": [
    "OPTForCausalLM"
  ],
  "attention_dropout": 0.0,
  "bos_token_id": 2,
  "do_layer_norm_before": true,
  "dropout": 0.1,
  "enable_bias": true,
  "eos_token_id": 2,
  "ffn_dim": 8192,
  "hidden_size": 2048,
  "init_std": 0.02,
  "layer_norm_elementwise_affine": true,
  "layerdrop": 0.0,
  "max_position_embeddings": 2048,
  "model_type": "opt",
  "num_attention_heads": 32,
  "num_hidden_layers": 24,
  "pad_token_id": 1,
  "prefix": "</s>",
  "torch_dtype": "float16",
  "transformers_version": "4.33.0.dev0",
  "use_cache": true,
  "vocab_size": 50272,
  "word_embed_proj_dim": 2048
}

benchmark, prompt_len = 512, execute_gen_len = 32, input_ids.shape = torch.Size([12, 512])
token_latency=[1.2021260261535645, 0.703315019607544, 0.5716166496276855, 0.5698509216308594, 0.5704984664916992, 0.5706119537353516, 0.5719430446624756, 0.5729827880859375, 0.5726189613342285, 0.5719733238220215, 0.5720851421356201, 0.57218337059021, 0.5735268592834473, 0.573742151260376, 0.5729801654815674, 0.5719470977783203, 0.5716338157653809, 0.5727341175079346, 0.5721762180328369, 0.5718181133270264, 0.5731046199798584, 0.5725009441375732, 0.5730595588684082, 0.5740888118743896, 0.5735504627227783, 0.5750594139099121, 0.5732688903808594, 0.5745377540588379, 0.5737249851226807, 0.5744469165802002, 0.5755400657653809, 0.5737872123718262]
token_latency=[1.123673677444458, 0.5703363418579102, 0.5741848945617676, 0.5704247951507568, 0.5692081451416016, 0.5699608325958252, 0.5847764015197754, 0.5711405277252197, 0.5713803768157959, 0.5723681449890137, 0.5715107917785645, 0.5727300643920898, 0.5722930431365967, 0.5713152885437012, 0.5720288753509521, 0.5732545852661133, 0.5717663764953613, 0.57135009765625, 0.5727534294128418, 0.5720517635345459, 0.5743987560272217, 0.572547197341919, 0.5731778144836426, 0.5744054317474365, 0.5722324848175049, 0.5733404159545898, 0.5743029117584229, 0.5750088691711426, 0.5729758739471436, 0.5745770931243896, 0.5745210647583008, 0.5740461349487305]
token_latency=[1.1435446739196777, 0.5705313682556152, 0.5700061321258545, 0.5705912113189697, 0.5708351135253906, 0.572129487991333, 0.5713992118835449, 0.5739333629608154, 0.5708966255187988, 0.5712668895721436, 0.5712711811065674, 0.5724523067474365, 0.5723702907562256, 0.5728051662445068, 0.5722267627716064, 0.57257080078125, 0.5710680484771729, 0.57346510887146, 0.5717136859893799, 0.5726356506347656, 0.5734779834747314, 0.5736424922943115, 0.5731427669525146, 0.5729238986968994, 0.5794641971588135, 0.5792105197906494, 0.5798871517181396, 0.5810768604278564, 0.5812304019927979, 0.5764608383178711, 0.574944019317627, 0.5740518569946289]
[rank0]:[W423 14:07:52.928378537 ProcessGroupNCCL.cpp:1575] Warning: WARNING: destroy_process_group() was not called before program exit, which can leak resources. For more info, please see https://pytorch.org/docs/stable/distributed.html#shutdown (function operator())
