/opt/venvs/zero/lib/python3.11/site-packages/transformers/utils/generic.py:260: FutureWarning: `torch.utils._pytree._register_pytree_node` is deprecated. Please use `torch.utils._pytree.register_pytree_node` instead.
  torch.utils._pytree._register_pytree_node(
/opt/venvs/zero/lib/python3.11/site-packages/transformers/utils/generic.py:260: FutureWarning: `torch.utils._pytree._register_pytree_node` is deprecated. Please use `torch.utils._pytree.register_pytree_node` instead.
  torch.utils._pytree._register_pytree_node(
/opt/venvs/zero/lib/python3.11/site-packages/huggingface_hub/file_download.py:949: FutureWarning: `resume_download` is deprecated and will be removed in version 1.0.0. Downloads always resume when possible. If you want to force a new download, use `force_download=True`.
  warnings.warn(
load model
model.config = OPTConfig {
  "_name_or_path": "facebook/opt-2.7b",
  "_remove_final_layer_norm": false,
  "activation_dropout": 0.0,
  "activation_function": "relu",
  "architectures": [
    "OPTForCausalLM"
  ],
  "attention_dropout": 0.0,
  "bos_token_id": 2,
  "do_layer_norm_before": true,
  "dropout": 0.1,
  "enable_bias": true,
  "eos_token_id": 2,
  "ffn_dim": 10240,
  "hidden_size": 2560,
  "init_std": 0.02,
  "layer_norm_elementwise_affine": true,
  "layerdrop": 0.0,
  "max_position_embeddings": 2048,
  "model_type": "opt",
  "num_attention_heads": 32,
  "num_hidden_layers": 32,
  "pad_token_id": 1,
  "prefix": "</s>",
  "torch_dtype": "float16",
  "transformers_version": "4.33.0.dev0",
  "use_cache": true,
  "vocab_size": 50272,
  "word_embed_proj_dim": 2560
}

benchmark, prompt_len = 512, execute_gen_len = 32, input_ids.shape = torch.Size([12, 512])
token_latency=[1.8055453300476074, 0.7335300445556641, 0.5042078495025635, 0.5036745071411133, 0.5029869079589844, 0.5045061111450195, 0.5042948722839355, 0.503730058670044, 0.5066287517547607, 0.5061132907867432, 0.5057346820831299, 0.5064606666564941, 0.507624626159668, 0.5079700946807861, 0.509674072265625, 0.5106399059295654, 0.5092403888702393, 0.5096471309661865, 0.5095822811126709, 0.5090327262878418, 0.5083558559417725, 0.5083301067352295, 0.509178876876831, 0.5093710422515869, 0.5094163417816162, 0.5104303359985352, 0.5104923248291016, 0.5093555450439453, 0.5117037296295166, 0.5101897716522217, 0.5119988918304443, 0.5113000869750977]
token_latency=[1.737243413925171, 0.5035746097564697, 0.5031449794769287, 0.5029923915863037, 0.5042505264282227, 0.5024902820587158, 0.5036842823028564, 0.5053491592407227, 0.5053267478942871, 0.5041882991790771, 0.507291316986084, 0.5056915283203125, 0.5062294006347656, 0.507251501083374, 0.5080459117889404, 0.5086894035339355, 0.5091137886047363, 0.5086681842803955, 0.5084741115570068, 0.5083417892456055, 0.5088024139404297, 0.5072333812713623, 0.5085198879241943, 0.5090188980102539, 0.5088167190551758, 0.5099296569824219, 0.5108587741851807, 0.5104923248291016, 0.5107870101928711, 0.510603666305542, 0.5110414028167725, 0.5112862586975098]
token_latency=[1.5606300830841064, 0.5037827491760254, 0.5040485858917236, 0.505422830581665, 0.5053308010101318, 0.5047399997711182, 0.5062320232391357, 0.5048255920410156, 0.5050122737884521, 0.5062296390533447, 0.5067613124847412, 0.5070164203643799, 0.5079314708709717, 0.5074348449707031, 0.507831335067749, 0.509819746017456, 0.5096383094787598, 0.5096719264984131, 0.5100476741790771, 0.5100278854370117, 0.507859468460083, 0.5083057880401611, 0.5089688301086426, 0.5087137222290039, 0.5102312564849854, 0.5106866359710693, 0.5110776424407959, 0.5109419822692871, 0.5100977420806885, 0.5100247859954834, 0.5110106468200684, 0.5116949081420898]
[rank0]:[W423 14:23:40.288861429 ProcessGroupNCCL.cpp:1575] Warning: WARNING: destroy_process_group() was not called before program exit, which can leak resources. For more info, please see https://pytorch.org/docs/stable/distributed.html#shutdown (function operator())
