/opt/venvs/zero/lib/python3.11/site-packages/transformers/utils/generic.py:260: FutureWarning: `torch.utils._pytree._register_pytree_node` is deprecated. Please use `torch.utils._pytree.register_pytree_node` instead.
  torch.utils._pytree._register_pytree_node(
/opt/venvs/zero/lib/python3.11/site-packages/transformers/utils/generic.py:260: FutureWarning: `torch.utils._pytree._register_pytree_node` is deprecated. Please use `torch.utils._pytree.register_pytree_node` instead.
  torch.utils._pytree._register_pytree_node(
/opt/venvs/zero/lib/python3.11/site-packages/huggingface_hub/file_download.py:949: FutureWarning: `resume_download` is deprecated and will be removed in version 1.0.0. Downloads always resume when possible. If you want to force a new download, use `force_download=True`.
  warnings.warn(
load model
model.config = OPTConfig {
  "_name_or_path": "facebook/opt-1.3b",
  "_remove_final_layer_norm": false,
  "activation_dropout": 0.0,
  "activation_function": "relu",
  "architectures": [
    "OPTForCausalLM"
  ],
  "attention_dropout": 0.0,
  "bos_token_id": 2,
  "do_layer_norm_before": true,
  "dropout": 0.1,
  "enable_bias": true,
  "eos_token_id": 2,
  "ffn_dim": 8192,
  "hidden_size": 2048,
  "init_std": 0.02,
  "layer_norm_elementwise_affine": true,
  "layerdrop": 0.0,
  "max_position_embeddings": 2048,
  "model_type": "opt",
  "num_attention_heads": 32,
  "num_hidden_layers": 24,
  "pad_token_id": 1,
  "prefix": "</s>",
  "torch_dtype": "float16",
  "transformers_version": "4.33.0.dev0",
  "use_cache": true,
  "vocab_size": 50272,
  "word_embed_proj_dim": 2048
}

benchmark, prompt_len = 512, execute_gen_len = 32, input_ids.shape = torch.Size([12, 512])
token_latency=[1.1798274517059326, 0.7014667987823486, 0.5712854862213135, 0.5770261287689209, 0.575711727142334, 0.5745742321014404, 0.5726008415222168, 0.5729267597198486, 0.5754005908966064, 0.5731308460235596, 0.5732426643371582, 0.5794084072113037, 0.5837588310241699, 0.577887773513794, 0.576519250869751, 0.5830364227294922, 0.5746245384216309, 0.5757339000701904, 0.5734474658966064, 0.5748801231384277, 0.5720424652099609, 0.5758407115936279, 0.5776469707489014, 0.575005054473877, 0.5750420093536377, 0.5774822235107422, 0.5748417377471924, 0.5783379077911377, 0.5771641731262207, 0.5755727291107178, 0.5728905200958252, 0.5762748718261719]
token_latency=[1.1519274711608887, 0.5930502414703369, 0.5813031196594238, 0.6025998592376709, 0.5912251472473145, 0.5747487545013428, 0.5700526237487793, 0.6002490520477295, 0.5854682922363281, 0.5720865726470947, 0.5725631713867188, 0.5725195407867432, 0.572188138961792, 0.5711591243743896, 0.5698671340942383, 0.5742611885070801, 0.5735881328582764, 0.5710110664367676, 0.5701649188995361, 0.5732212066650391, 0.5770926475524902, 0.5790817737579346, 0.571641206741333, 0.5840446949005127, 0.5748116970062256, 0.5765402317047119, 0.574063777923584, 0.5740742683410645, 0.5736827850341797, 0.5736207962036133, 0.5717017650604248, 0.5706906318664551]
token_latency=[1.1173996925354004, 0.5735013484954834, 0.5789580345153809, 0.572528600692749, 0.5725772380828857, 0.5716812610626221, 0.5849111080169678, 0.5730431079864502, 0.5710582733154297, 0.571760892868042, 0.577399730682373, 0.5740170478820801, 0.585167646408081, 0.5725631713867188, 0.5730838775634766, 0.5721750259399414, 0.5705258846282959, 0.5769751071929932, 0.5726566314697266, 0.5779714584350586, 0.574469804763794, 0.5756785869598389, 0.5754377841949463, 0.5717856884002686, 0.5751020908355713, 0.5745413303375244, 0.6022188663482666, 0.5775599479675293, 0.604224681854248, 0.5846168994903564, 0.5751729011535645, 0.5844340324401855]
[rank0]:[W423 12:23:23.134568747 ProcessGroupNCCL.cpp:1575] Warning: WARNING: destroy_process_group() was not called before program exit, which can leak resources. For more info, please see https://pytorch.org/docs/stable/distributed.html#shutdown (function operator())
