/opt/venvs/zero/lib/python3.11/site-packages/transformers/utils/generic.py:260: FutureWarning: `torch.utils._pytree._register_pytree_node` is deprecated. Please use `torch.utils._pytree.register_pytree_node` instead.
  torch.utils._pytree._register_pytree_node(
/opt/venvs/zero/lib/python3.11/site-packages/transformers/utils/generic.py:260: FutureWarning: `torch.utils._pytree._register_pytree_node` is deprecated. Please use `torch.utils._pytree.register_pytree_node` instead.
  torch.utils._pytree._register_pytree_node(
/opt/venvs/zero/lib/python3.11/site-packages/huggingface_hub/file_download.py:949: FutureWarning: `resume_download` is deprecated and will be removed in version 1.0.0. Downloads always resume when possible. If you want to force a new download, use `force_download=True`.
  warnings.warn(
load model
Loading checkpoint shards:   0%|          | 0/3 [00:00<?, ?it/s]Loading checkpoint shards:  33%|███▎      | 1/3 [00:25<00:50, 25.16s/it]Loading checkpoint shards:  67%|██████▋   | 2/3 [00:51<00:25, 25.77s/it]Loading checkpoint shards: 100%|██████████| 3/3 [01:06<00:00, 20.87s/it]Loading checkpoint shards: 100%|██████████| 3/3 [01:06<00:00, 22.13s/it]
model.config = OPTConfig {
  "_name_or_path": "facebook/opt-13b",
  "_remove_final_layer_norm": false,
  "activation_dropout": 0.0,
  "activation_function": "relu",
  "architectures": [
    "OPTForCausalLM"
  ],
  "attention_dropout": 0.0,
  "bos_token_id": 2,
  "do_layer_norm_before": true,
  "dropout": 0.1,
  "enable_bias": true,
  "eos_token_id": 2,
  "ffn_dim": 20480,
  "hidden_size": 5120,
  "init_std": 0.02,
  "layer_norm_elementwise_affine": true,
  "layerdrop": 0.0,
  "max_position_embeddings": 2048,
  "model_type": "opt",
  "num_attention_heads": 40,
  "num_hidden_layers": 40,
  "output_projection": true,
  "pad_token_id": 1,
  "prefix": "</s>",
  "torch_dtype": "float16",
  "transformers_version": "4.33.0.dev0",
  "use_cache": true,
  "vocab_size": 50272,
  "word_embed_proj_dim": 5120
}

benchmark, prompt_len = 512, execute_gen_len = 32, input_ids.shape = torch.Size([8, 512])
token_latency=[4.03615665435791, 1.6243913173675537, 1.439182996749878, 1.4412457942962646, 1.4421892166137695, 1.4434969425201416, 1.4451651573181152, 1.445375680923462, 1.4460411071777344, 1.4515736103057861, 1.4471547603607178, 1.4527931213378906, 1.4483702182769775, 1.4498591423034668, 1.4529519081115723, 1.4519104957580566, 1.4514000415802002, 1.4529318809509277, 1.4570512771606445, 1.4550564289093018, 1.455949068069458, 1.455199956893921, 1.4548344612121582, 1.457056999206543, 1.4535038471221924, 1.4577229022979736, 1.4561736583709717, 1.4563939571380615, 1.455354928970337, 1.4550716876983643, 1.4520184993743896, 1.454695463180542]
token_latency=[3.917923927307129, 1.4436888694763184, 1.4435088634490967, 1.445246696472168, 1.4452881813049316, 1.4460341930389404, 1.4455018043518066, 1.446547508239746, 1.4480865001678467, 1.4467658996582031, 1.4468419551849365, 1.448960304260254, 1.4484636783599854, 1.4494855403900146, 1.4499669075012207, 1.452134132385254, 1.4517502784729004, 1.4525654315948486, 1.4515225887298584, 1.451850414276123, 1.4517848491668701, 1.453383207321167, 1.4541912078857422, 1.45448637008667, 1.4532577991485596, 1.4548823833465576, 1.4542515277862549, 1.4533133506774902, 1.4558417797088623, 1.4562702178955078, 1.4568510055541992, 1.4550261497497559]
token_latency=[3.9233052730560303, 1.4437651634216309, 1.4423601627349854, 1.4436075687408447, 1.441378116607666, 1.4436230659484863, 1.4448425769805908, 1.4431180953979492, 1.4429783821105957, 1.4458444118499756, 1.4458699226379395, 1.446962594985962, 1.4465160369873047, 1.447800636291504, 1.4456517696380615, 1.4493088722229004, 1.450148105621338, 1.4500913619995117, 1.4504666328430176, 1.4517760276794434, 1.4517641067504883, 1.4520831108093262, 1.4525089263916016, 1.4579789638519287, 1.4522089958190918, 1.4536724090576172, 1.4543876647949219, 1.4522089958190918, 1.4544792175292969, 1.4549891948699951, 1.4567039012908936, 1.4556999206542969]
[rank0]:[W423 17:33:10.240783642 ProcessGroupNCCL.cpp:1575] Warning: WARNING: destroy_process_group() was not called before program exit, which can leak resources. For more info, please see https://pytorch.org/docs/stable/distributed.html#shutdown (function operator())
