/opt/venvs/zero/lib/python3.11/site-packages/transformers/utils/generic.py:260: FutureWarning: `torch.utils._pytree._register_pytree_node` is deprecated. Please use `torch.utils._pytree.register_pytree_node` instead.
  torch.utils._pytree._register_pytree_node(
/opt/venvs/zero/lib/python3.11/site-packages/transformers/utils/generic.py:260: FutureWarning: `torch.utils._pytree._register_pytree_node` is deprecated. Please use `torch.utils._pytree.register_pytree_node` instead.
  torch.utils._pytree._register_pytree_node(
/opt/venvs/zero/lib/python3.11/site-packages/huggingface_hub/file_download.py:949: FutureWarning: `resume_download` is deprecated and will be removed in version 1.0.0. Downloads always resume when possible. If you want to force a new download, use `force_download=True`.
  warnings.warn(
load model
model.config = OPTConfig {
  "_name_or_path": "facebook/opt-2.7b",
  "_remove_final_layer_norm": false,
  "activation_dropout": 0.0,
  "activation_function": "relu",
  "architectures": [
    "OPTForCausalLM"
  ],
  "attention_dropout": 0.0,
  "bos_token_id": 2,
  "do_layer_norm_before": true,
  "dropout": 0.1,
  "enable_bias": true,
  "eos_token_id": 2,
  "ffn_dim": 10240,
  "hidden_size": 2560,
  "init_std": 0.02,
  "layer_norm_elementwise_affine": true,
  "layerdrop": 0.0,
  "max_position_embeddings": 2048,
  "model_type": "opt",
  "num_attention_heads": 32,
  "num_hidden_layers": 32,
  "pad_token_id": 1,
  "prefix": "</s>",
  "torch_dtype": "float16",
  "transformers_version": "4.33.0.dev0",
  "use_cache": true,
  "vocab_size": 50272,
  "word_embed_proj_dim": 2560
}

benchmark, prompt_len = 512, execute_gen_len = 32, input_ids.shape = torch.Size([4, 512])
token_latency=[1.6297276020050049, 1.1479730606079102, 0.9750103950500488, 0.969397783279419, 0.9712026119232178, 0.9705865383148193, 0.9765443801879883, 0.972210168838501, 0.9813334941864014, 0.9770157337188721, 0.986260175704956, 0.9871861934661865, 0.9874262809753418, 0.9948334693908691, 1.0553314685821533, 1.051741600036621, 1.04642915725708, 1.0470554828643799, 1.039879322052002, 1.0435247421264648, 0.9933145046234131, 0.9988064765930176, 1.0064268112182617, 1.0051915645599365, 1.0022954940795898, 0.9711792469024658, 0.9636380672454834, 0.9683084487915039, 0.9583637714385986, 0.9562876224517822, 0.963580846786499, 0.9593489170074463]
token_latency=[1.292426586151123, 0.9594669342041016, 0.9583103656768799, 0.9582116603851318, 0.9504373073577881, 0.9679796695709229, 0.991685152053833, 0.9481756687164307, 0.9579470157623291, 0.9606611728668213, 0.9577078819274902, 0.9548094272613525, 0.9507660865783691, 0.9444818496704102, 0.9498269557952881, 0.9549696445465088, 0.9761977195739746, 0.9538884162902832, 0.9678707122802734, 0.9679756164550781, 0.9620382785797119, 0.9555628299713135, 0.9795899391174316, 0.9619238376617432, 0.9839067459106445, 1.005277395248413, 0.9759702682495117, 1.0100715160369873, 1.0014019012451172, 1.0087859630584717, 1.023061990737915, 1.0096757411956787]
token_latency=[1.2594525814056396, 1.0225512981414795, 0.9898817539215088, 1.0036802291870117, 1.0211224555969238, 1.0017213821411133, 1.014559030532837, 0.9922628402709961, 0.9792394638061523, 0.9971058368682861, 0.9894092082977295, 0.9983475208282471, 1.0200929641723633, 0.993274450302124, 1.0038626194000244, 0.9796316623687744, 0.9457306861877441, 0.9591882228851318, 0.9952642917633057, 0.9940087795257568, 0.9671053886413574, 0.9968149662017822, 0.9813573360443115, 0.9738006591796875, 0.9678080081939697, 0.9586637020111084, 0.9691903591156006, 0.9645402431488037, 0.9742553234100342, 0.9765994548797607, 0.9487924575805664, 0.957026481628418]
[rank0]:[W423 14:19:33.692511251 ProcessGroupNCCL.cpp:1575] Warning: WARNING: destroy_process_group() was not called before program exit, which can leak resources. For more info, please see https://pytorch.org/docs/stable/distributed.html#shutdown (function operator())
