/opt/venvs/zero/lib/python3.11/site-packages/transformers/utils/generic.py:260: FutureWarning: `torch.utils._pytree._register_pytree_node` is deprecated. Please use `torch.utils._pytree.register_pytree_node` instead.
  torch.utils._pytree._register_pytree_node(
/opt/venvs/zero/lib/python3.11/site-packages/transformers/utils/generic.py:260: FutureWarning: `torch.utils._pytree._register_pytree_node` is deprecated. Please use `torch.utils._pytree.register_pytree_node` instead.
  torch.utils._pytree._register_pytree_node(
/opt/venvs/zero/lib/python3.11/site-packages/huggingface_hub/file_download.py:949: FutureWarning: `resume_download` is deprecated and will be removed in version 1.0.0. Downloads always resume when possible. If you want to force a new download, use `force_download=True`.
  warnings.warn(
load model
model.config = OPTConfig {
  "_name_or_path": "facebook/opt-1.3b",
  "_remove_final_layer_norm": false,
  "activation_dropout": 0.0,
  "activation_function": "relu",
  "architectures": [
    "OPTForCausalLM"
  ],
  "attention_dropout": 0.0,
  "bos_token_id": 2,
  "do_layer_norm_before": true,
  "dropout": 0.1,
  "enable_bias": true,
  "eos_token_id": 2,
  "ffn_dim": 8192,
  "hidden_size": 2048,
  "init_std": 0.02,
  "layer_norm_elementwise_affine": true,
  "layerdrop": 0.0,
  "max_position_embeddings": 2048,
  "model_type": "opt",
  "num_attention_heads": 32,
  "num_hidden_layers": 24,
  "pad_token_id": 1,
  "prefix": "</s>",
  "torch_dtype": "float16",
  "transformers_version": "4.33.0.dev0",
  "use_cache": true,
  "vocab_size": 50272,
  "word_embed_proj_dim": 2048
}

benchmark, prompt_len = 512, execute_gen_len = 32, input_ids.shape = torch.Size([4, 512])
token_latency=[0.8322715759277344, 0.6195991039276123, 0.4876515865325928, 0.4882771968841553, 0.48901939392089844, 0.48877859115600586, 0.48946475982666016, 0.4886610507965088, 0.49057817459106445, 0.48914265632629395, 0.48940515518188477, 0.4877495765686035, 0.48819732666015625, 0.48867201805114746, 0.4879000186920166, 0.48844432830810547, 0.48717546463012695, 0.4872002601623535, 0.48775768280029297, 0.48775672912597656, 0.48831772804260254, 0.48819947242736816, 0.4884676933288574, 0.4881157875061035, 0.49103641510009766, 0.48880743980407715, 0.48944878578186035, 0.48836612701416016, 0.4892005920410156, 0.4885435104370117, 0.4891548156738281, 0.4884803295135498]
token_latency=[0.6660940647125244, 0.4878053665161133, 0.48879289627075195, 0.48659229278564453, 0.48960304260253906, 0.48824548721313477, 0.48806047439575195, 0.4877145290374756, 0.4882831573486328, 0.48699522018432617, 0.4881319999694824, 0.48655152320861816, 0.4877588748931885, 0.4866015911102295, 0.4878854751586914, 0.48726415634155273, 0.4871079921722412, 0.48672008514404297, 0.48755478858947754, 0.4872889518737793, 0.48778510093688965, 0.48716092109680176, 0.48776912689208984, 0.4874687194824219, 0.48909878730773926, 0.48812222480773926, 0.48798441886901855, 0.48818373680114746, 0.48811817169189453, 0.4880843162536621, 0.4880094528198242, 0.4876410961151123]
token_latency=[0.6663353443145752, 0.4892244338989258, 0.48726391792297363, 0.4867279529571533, 0.48769235610961914, 0.48884010314941406, 0.48857593536376953, 0.4878065586090088, 0.4882478713989258, 0.4873325824737549, 0.4880380630493164, 0.48772263526916504, 0.4884302616119385, 0.4895954132080078, 0.48830175399780273, 0.4885714054107666, 0.4874999523162842, 0.48728418350219727, 0.4878861904144287, 0.4873316287994385, 0.4876976013183594, 0.48734569549560547, 0.4878251552581787, 0.48780035972595215, 0.4878108501434326, 0.4878966808319092, 0.4880852699279785, 0.48744964599609375, 0.4882054328918457, 0.4876899719238281, 0.48782944679260254, 0.4875218868255615]
[rank0]:[W423 14:04:19.608690210 ProcessGroupNCCL.cpp:1575] Warning: WARNING: destroy_process_group() was not called before program exit, which can leak resources. For more info, please see https://pytorch.org/docs/stable/distributed.html#shutdown (function operator())
