/opt/venvs/zero/lib/python3.11/site-packages/transformers/utils/generic.py:260: FutureWarning: `torch.utils._pytree._register_pytree_node` is deprecated. Please use `torch.utils._pytree.register_pytree_node` instead.
  torch.utils._pytree._register_pytree_node(
/opt/venvs/zero/lib/python3.11/site-packages/transformers/utils/generic.py:260: FutureWarning: `torch.utils._pytree._register_pytree_node` is deprecated. Please use `torch.utils._pytree.register_pytree_node` instead.
  torch.utils._pytree._register_pytree_node(
/opt/venvs/zero/lib/python3.11/site-packages/huggingface_hub/file_download.py:949: FutureWarning: `resume_download` is deprecated and will be removed in version 1.0.0. Downloads always resume when possible. If you want to force a new download, use `force_download=True`.
  warnings.warn(
load model
model.config = OPTConfig {
  "_name_or_path": "facebook/opt-1.3b",
  "_remove_final_layer_norm": false,
  "activation_dropout": 0.0,
  "activation_function": "relu",
  "architectures": [
    "OPTForCausalLM"
  ],
  "attention_dropout": 0.0,
  "bos_token_id": 2,
  "do_layer_norm_before": true,
  "dropout": 0.1,
  "enable_bias": true,
  "eos_token_id": 2,
  "ffn_dim": 8192,
  "hidden_size": 2048,
  "init_std": 0.02,
  "layer_norm_elementwise_affine": true,
  "layerdrop": 0.0,
  "max_position_embeddings": 2048,
  "model_type": "opt",
  "num_attention_heads": 32,
  "num_hidden_layers": 24,
  "pad_token_id": 1,
  "prefix": "</s>",
  "torch_dtype": "float16",
  "transformers_version": "4.33.0.dev0",
  "use_cache": true,
  "vocab_size": 50272,
  "word_embed_proj_dim": 2048
}

benchmark, prompt_len = 512, execute_gen_len = 32, input_ids.shape = torch.Size([64, 512])
token_latency=[5.6888267993927, 1.2228169441223145, 1.0899856090545654, 1.0894851684570312, 1.0912647247314453, 1.109138011932373, 1.0959053039550781, 1.095313549041748, 1.0965020656585693, 1.0940589904785156, 1.101320743560791, 1.1022107601165771, 1.106886625289917, 1.1052865982055664, 1.1072096824645996, 1.100036859512329, 1.1249470710754395, 1.1147902011871338, 1.109663724899292, 1.1191959381103516, 1.1162819862365723, 1.1159825325012207, 1.1111373901367188, 1.1059813499450684, 1.114441156387329, 1.1167049407958984, 1.1144943237304688, 1.1052727699279785, 1.1116046905517578, 1.110185146331787, 1.1165556907653809, 1.1182515621185303]
token_latency=[5.728776454925537, 1.0873816013336182, 1.0887422561645508, 1.0944368839263916, 1.091848373413086, 1.09659743309021, 1.0979650020599365, 1.0994536876678467, 1.1030175685882568, 1.1042118072509766, 1.098639965057373, 1.1025347709655762, 1.1101555824279785, 1.1053543090820312, 1.122875690460205, 1.1442432403564453, 1.139249324798584, 1.1584880352020264, 1.1590352058410645, 1.1549742221832275, 1.175398826599121, 1.1961750984191895, 1.219874620437622, 1.244943380355835, 1.2283501625061035, 1.2173032760620117, 1.212717056274414, 1.2122349739074707, 1.1902849674224854, 1.1974430084228516, 1.206918478012085, 1.2032132148742676]
token_latency=[6.114566802978516, 1.2263298034667969, 1.2024221420288086, 1.1663501262664795, 1.1662001609802246, 1.1718060970306396, 1.213576316833496, 1.2021565437316895, 1.21604323387146, 1.21382737159729, 1.2255957126617432, 1.2092061042785645, 1.212357997894287, 1.2137372493743896, 1.2177586555480957, 1.231421709060669, 1.214292049407959, 1.2201659679412842, 1.205888032913208, 1.2090322971343994, 1.2048020362854004, 1.2052383422851562, 1.2068989276885986, 1.2085139751434326, 1.1948823928833008, 1.2127671241760254, 1.205949306488037, 1.1986141204833984, 1.1784894466400146, 1.1813981533050537, 1.2049870491027832, 1.2100179195404053]
[rank0]:[W423 14:16:36.319923623 ProcessGroupNCCL.cpp:1575] Warning: WARNING: destroy_process_group() was not called before program exit, which can leak resources. For more info, please see https://pytorch.org/docs/stable/distributed.html#shutdown (function operator())
