/opt/venvs/zero/lib/python3.11/site-packages/transformers/utils/generic.py:260: FutureWarning: `torch.utils._pytree._register_pytree_node` is deprecated. Please use `torch.utils._pytree.register_pytree_node` instead.
  torch.utils._pytree._register_pytree_node(
/opt/venvs/zero/lib/python3.11/site-packages/transformers/utils/generic.py:260: FutureWarning: `torch.utils._pytree._register_pytree_node` is deprecated. Please use `torch.utils._pytree.register_pytree_node` instead.
  torch.utils._pytree._register_pytree_node(
/opt/venvs/zero/lib/python3.11/site-packages/huggingface_hub/file_download.py:949: FutureWarning: `resume_download` is deprecated and will be removed in version 1.0.0. Downloads always resume when possible. If you want to force a new download, use `force_download=True`.
  warnings.warn(
load model
model.config = OPTConfig {
  "_name_or_path": "facebook/opt-1.3b",
  "_remove_final_layer_norm": false,
  "activation_dropout": 0.0,
  "activation_function": "relu",
  "architectures": [
    "OPTForCausalLM"
  ],
  "attention_dropout": 0.0,
  "bos_token_id": 2,
  "do_layer_norm_before": true,
  "dropout": 0.1,
  "enable_bias": true,
  "eos_token_id": 2,
  "ffn_dim": 8192,
  "hidden_size": 2048,
  "init_std": 0.02,
  "layer_norm_elementwise_affine": true,
  "layerdrop": 0.0,
  "max_position_embeddings": 2048,
  "model_type": "opt",
  "num_attention_heads": 32,
  "num_hidden_layers": 24,
  "pad_token_id": 1,
  "prefix": "</s>",
  "torch_dtype": "float16",
  "transformers_version": "4.33.0.dev0",
  "use_cache": true,
  "vocab_size": 50272,
  "word_embed_proj_dim": 2048
}

benchmark, prompt_len = 512, execute_gen_len = 32, input_ids.shape = torch.Size([64, 512])
token_latency=[5.658177852630615, 1.2177233695983887, 1.080059289932251, 1.080505132675171, 1.089298963546753, 1.0867962837219238, 1.085660457611084, 1.0876407623291016, 1.0892765522003174, 1.0921192169189453, 1.0930895805358887, 1.092081069946289, 1.094393014907837, 1.0947389602661133, 1.0959508419036865, 1.0994782447814941, 1.0986595153808594, 1.1033806800842285, 1.1049911975860596, 1.1053545475006104, 1.1072957515716553, 1.1057279109954834, 1.1066410541534424, 1.1085350513458252, 1.1119146347045898, 1.1104161739349365, 1.1127276420593262, 1.1082746982574463, 1.1171643733978271, 1.1095645427703857, 1.1101999282836914, 1.1095361709594727]
token_latency=[5.682921886444092, 1.0821161270141602, 1.0800549983978271, 1.0918974876403809, 1.0823562145233154, 1.0882139205932617, 1.0857188701629639, 1.0873916149139404, 1.0899076461791992, 1.0899624824523926, 1.0980160236358643, 1.0915014743804932, 1.092458963394165, 1.0934114456176758, 1.0959646701812744, 1.0986409187316895, 1.0963456630706787, 1.0963425636291504, 1.0969109535217285, 1.0988349914550781, 1.1002180576324463, 1.102003574371338, 1.1042616367340088, 1.1041984558105469, 1.1094014644622803, 1.10630202293396, 1.1091084480285645, 1.1152284145355225, 1.1101605892181396, 1.1165549755096436, 1.111811637878418, 1.1085333824157715]
token_latency=[5.6780359745025635, 1.08139967918396, 1.0817961692810059, 1.088965892791748, 1.0858869552612305, 1.0844788551330566, 1.0871424674987793, 1.0907275676727295, 1.08945631980896, 1.090233325958252, 1.0920205116271973, 1.0934557914733887, 1.0937659740447998, 1.0957555770874023, 1.1023142337799072, 1.098473310470581, 1.0959751605987549, 1.098827600479126, 1.0988385677337646, 1.0988991260528564, 1.1013102531433105, 1.1025111675262451, 1.1052708625793457, 1.1057014465332031, 1.1063621044158936, 1.1099278926849365, 1.1128833293914795, 1.1099798679351807, 1.1112439632415771, 1.1098408699035645, 1.11061429977417, 1.115929365158081]
[rank0]:[W423 12:55:59.048641730 ProcessGroupNCCL.cpp:1575] Warning: WARNING: destroy_process_group() was not called before program exit, which can leak resources. For more info, please see https://pytorch.org/docs/stable/distributed.html#shutdown (function operator())
