/opt/venvs/zero/lib/python3.11/site-packages/transformers/utils/generic.py:260: FutureWarning: `torch.utils._pytree._register_pytree_node` is deprecated. Please use `torch.utils._pytree.register_pytree_node` instead.
  torch.utils._pytree._register_pytree_node(
/opt/venvs/zero/lib/python3.11/site-packages/transformers/utils/generic.py:260: FutureWarning: `torch.utils._pytree._register_pytree_node` is deprecated. Please use `torch.utils._pytree.register_pytree_node` instead.
  torch.utils._pytree._register_pytree_node(
/opt/venvs/zero/lib/python3.11/site-packages/huggingface_hub/file_download.py:949: FutureWarning: `resume_download` is deprecated and will be removed in version 1.0.0. Downloads always resume when possible. If you want to force a new download, use `force_download=True`.
  warnings.warn(
load model
model.config = OPTConfig {
  "_name_or_path": "facebook/opt-2.7b",
  "_remove_final_layer_norm": false,
  "activation_dropout": 0.0,
  "activation_function": "relu",
  "architectures": [
    "OPTForCausalLM"
  ],
  "attention_dropout": 0.0,
  "bos_token_id": 2,
  "do_layer_norm_before": true,
  "dropout": 0.1,
  "enable_bias": true,
  "eos_token_id": 2,
  "ffn_dim": 10240,
  "hidden_size": 2560,
  "init_std": 0.02,
  "layer_norm_elementwise_affine": true,
  "layerdrop": 0.0,
  "max_position_embeddings": 2048,
  "model_type": "opt",
  "num_attention_heads": 32,
  "num_hidden_layers": 32,
  "pad_token_id": 1,
  "prefix": "</s>",
  "torch_dtype": "float16",
  "transformers_version": "4.33.0.dev0",
  "use_cache": true,
  "vocab_size": 50272,
  "word_embed_proj_dim": 2560
}

benchmark, prompt_len = 512, execute_gen_len = 32, input_ids.shape = torch.Size([16, 512])
token_latency=[2.7172770500183105, 1.2673251628875732, 1.1036601066589355, 1.1052122116088867, 1.1051383018493652, 1.1044292449951172, 1.1046831607818604, 1.1058149337768555, 1.1067609786987305, 1.1072192192077637, 1.1068439483642578, 1.1076996326446533, 1.112722635269165, 1.1125524044036865, 1.1090173721313477, 1.1104285717010498, 1.1111035346984863, 1.1124331951141357, 1.1125845909118652, 1.110713005065918, 1.1124603748321533, 1.1116373538970947, 1.1106359958648682, 1.110269546508789, 1.1132564544677734, 1.1133208274841309, 1.1150236129760742, 1.1167218685150146, 1.1136810779571533, 1.1152336597442627, 1.1159231662750244, 1.1155459880828857]
token_latency=[2.6710782051086426, 1.1055216789245605, 1.1052751541137695, 1.1057910919189453, 1.1085140705108643, 1.1066656112670898, 1.105259895324707, 1.1060500144958496, 1.1065962314605713, 1.1061310768127441, 1.1073410511016846, 1.108875036239624, 1.1068751811981201, 1.108417272567749, 1.1081111431121826, 1.1089885234832764, 1.1093931198120117, 1.1100177764892578, 1.1101300716400146, 1.1108884811401367, 1.1097607612609863, 1.1062521934509277, 1.1073884963989258, 1.1069707870483398, 1.1076762676239014, 1.11246657371521, 1.115217924118042, 1.1140241622924805, 1.1147873401641846, 1.1144285202026367, 1.1137137413024902, 1.1138355731964111]
token_latency=[2.672318935394287, 1.103238821029663, 1.101938247680664, 1.1025710105895996, 1.1032261848449707, 1.1038241386413574, 1.104107141494751, 1.1045801639556885, 1.1044414043426514, 1.1057260036468506, 1.1067514419555664, 1.1067955493927002, 1.1072232723236084, 1.1073620319366455, 1.1082615852355957, 1.108522891998291, 1.108764886856079, 1.1095271110534668, 1.1106078624725342, 1.1099722385406494, 1.1083781719207764, 1.1092278957366943, 1.1103684902191162, 1.111570119857788, 1.1119108200073242, 1.1117193698883057, 1.1153819561004639, 1.1138248443603516, 1.115800380706787, 1.114100694656372, 1.1159389019012451, 1.1144590377807617]
[rank0]:[W423 14:29:01.805134568 ProcessGroupNCCL.cpp:1575] Warning: WARNING: destroy_process_group() was not called before program exit, which can leak resources. For more info, please see https://pytorch.org/docs/stable/distributed.html#shutdown (function operator())
