/opt/venvs/zero/lib/python3.11/site-packages/transformers/utils/generic.py:260: FutureWarning: `torch.utils._pytree._register_pytree_node` is deprecated. Please use `torch.utils._pytree.register_pytree_node` instead.
  torch.utils._pytree._register_pytree_node(
/opt/venvs/zero/lib/python3.11/site-packages/transformers/utils/generic.py:260: FutureWarning: `torch.utils._pytree._register_pytree_node` is deprecated. Please use `torch.utils._pytree.register_pytree_node` instead.
  torch.utils._pytree._register_pytree_node(
/opt/venvs/zero/lib/python3.11/site-packages/huggingface_hub/file_download.py:949: FutureWarning: `resume_download` is deprecated and will be removed in version 1.0.0. Downloads always resume when possible. If you want to force a new download, use `force_download=True`.
  warnings.warn(
load model
model.config = OPTConfig {
  "_name_or_path": "facebook/opt-2.7b",
  "_remove_final_layer_norm": false,
  "activation_dropout": 0.0,
  "activation_function": "relu",
  "architectures": [
    "OPTForCausalLM"
  ],
  "attention_dropout": 0.0,
  "bos_token_id": 2,
  "do_layer_norm_before": true,
  "dropout": 0.1,
  "enable_bias": true,
  "eos_token_id": 2,
  "ffn_dim": 10240,
  "hidden_size": 2560,
  "init_std": 0.02,
  "layer_norm_elementwise_affine": true,
  "layerdrop": 0.0,
  "max_position_embeddings": 2048,
  "model_type": "opt",
  "num_attention_heads": 32,
  "num_hidden_layers": 32,
  "pad_token_id": 1,
  "prefix": "</s>",
  "torch_dtype": "float16",
  "transformers_version": "4.33.0.dev0",
  "use_cache": true,
  "vocab_size": 50272,
  "word_embed_proj_dim": 2560
}

benchmark, prompt_len = 512, execute_gen_len = 32, input_ids.shape = torch.Size([4, 512])
token_latency=[0.771857500076294, 0.726691484451294, 0.4385535717010498, 0.4287760257720947, 0.44224047660827637, 0.4417872428894043, 0.4341108798980713, 0.4175233840942383, 0.4339427947998047, 0.44164180755615234, 0.4396977424621582, 0.44975924491882324, 0.44234681129455566, 0.4486830234527588, 0.4486093521118164, 0.45621418952941895, 0.4387969970703125, 0.4463791847229004, 0.447357177734375, 0.4418783187866211, 0.4409818649291992, 0.4297049045562744, 0.4465203285217285, 0.44173264503479004, 0.4342160224914551, 0.4418511390686035, 0.4375307559967041, 0.4453277587890625, 0.43732142448425293, 0.4389994144439697, 0.43977880477905273, 0.44021058082580566]
token_latency=[0.6858677864074707, 0.44199347496032715, 0.45172739028930664, 0.4532339572906494, 0.4544637203216553, 0.4447188377380371, 0.446641206741333, 0.43964362144470215, 0.4342918395996094, 0.42832064628601074, 0.44258737564086914, 0.43239355087280273, 0.43551206588745117, 0.4413013458251953, 0.43625640869140625, 0.4287698268890381, 0.45344018936157227, 0.44278979301452637, 0.4358959197998047, 0.42397356033325195, 0.41899943351745605, 0.42739224433898926, 0.42389750480651855, 0.4323298931121826, 0.4479217529296875, 0.4118940830230713, 0.4238700866699219, 0.39558982849121094, 0.40981435775756836, 0.4163494110107422, 0.41464734077453613, 0.41304755210876465]
token_latency=[0.6874682903289795, 0.4262807369232178, 0.43979763984680176, 0.4371795654296875, 0.43054986000061035, 0.4355919361114502, 0.43438243865966797, 0.4297053813934326, 0.42774510383605957, 0.4021432399749756, 0.40366148948669434, 0.42259693145751953, 0.4306755065917969, 0.42641186714172363, 0.42373180389404297, 0.41702699661254883, 0.42231225967407227, 0.4238100051879883, 0.4182851314544678, 0.42735981941223145, 0.429699182510376, 0.42333078384399414, 0.43541717529296875, 0.42850279808044434, 0.4298276901245117, 0.4351019859313965, 0.4310324192047119, 0.44033265113830566, 0.4347977638244629, 0.4322779178619385, 0.44017815589904785, 0.43317389488220215]
[rank0]:[W423 14:17:45.305930827 ProcessGroupNCCL.cpp:1575] Warning: WARNING: destroy_process_group() was not called before program exit, which can leak resources. For more info, please see https://pytorch.org/docs/stable/distributed.html#shutdown (function operator())
