/opt/venvs/zero/lib/python3.11/site-packages/transformers/utils/generic.py:260: FutureWarning: `torch.utils._pytree._register_pytree_node` is deprecated. Please use `torch.utils._pytree.register_pytree_node` instead.
  torch.utils._pytree._register_pytree_node(
/opt/venvs/zero/lib/python3.11/site-packages/transformers/utils/generic.py:260: FutureWarning: `torch.utils._pytree._register_pytree_node` is deprecated. Please use `torch.utils._pytree.register_pytree_node` instead.
  torch.utils._pytree._register_pytree_node(
/opt/venvs/zero/lib/python3.11/site-packages/huggingface_hub/file_download.py:949: FutureWarning: `resume_download` is deprecated and will be removed in version 1.0.0. Downloads always resume when possible. If you want to force a new download, use `force_download=True`.
  warnings.warn(
load model
model.config = OPTConfig {
  "_name_or_path": "facebook/opt-1.3b",
  "_remove_final_layer_norm": false,
  "activation_dropout": 0.0,
  "activation_function": "relu",
  "architectures": [
    "OPTForCausalLM"
  ],
  "attention_dropout": 0.0,
  "bos_token_id": 2,
  "do_layer_norm_before": true,
  "dropout": 0.1,
  "enable_bias": true,
  "eos_token_id": 2,
  "ffn_dim": 8192,
  "hidden_size": 2048,
  "init_std": 0.02,
  "layer_norm_elementwise_affine": true,
  "layerdrop": 0.0,
  "max_position_embeddings": 2048,
  "model_type": "opt",
  "num_attention_heads": 32,
  "num_hidden_layers": 24,
  "pad_token_id": 1,
  "prefix": "</s>",
  "torch_dtype": "float16",
  "transformers_version": "4.33.0.dev0",
  "use_cache": true,
  "vocab_size": 50272,
  "word_embed_proj_dim": 2048
}

benchmark, prompt_len = 512, execute_gen_len = 32, input_ids.shape = torch.Size([64, 512])
token_latency=[5.605837821960449, 0.9540805816650391, 0.8170950412750244, 0.8165135383605957, 0.8197576999664307, 0.8205106258392334, 0.8220276832580566, 0.8657245635986328, 0.8270678520202637, 0.8256862163543701, 0.8260402679443359, 0.8282897472381592, 0.8297069072723389, 0.8314933776855469, 0.831671953201294, 0.8336920738220215, 0.8304386138916016, 0.8323736190795898, 0.8335964679718018, 0.8330185413360596, 0.8353631496429443, 0.8418066501617432, 0.8394753932952881, 0.8387746810913086, 0.8415217399597168, 0.8411014080047607, 0.8436133861541748, 0.8447883129119873, 0.8450412750244141, 0.8450250625610352, 0.8455722332000732, 0.8457975387573242]
token_latency=[5.678131818771362, 0.8166770935058594, 0.8173868656158447, 0.8188843727111816, 0.8185830116271973, 0.8221969604492188, 0.8205900192260742, 0.8238053321838379, 0.8215413093566895, 0.8267946243286133, 0.8300619125366211, 0.8264815807342529, 0.8244564533233643, 0.8306891918182373, 0.8324148654937744, 0.836219072341919, 0.8382258415222168, 0.8450634479522705, 0.8363821506500244, 0.836040735244751, 0.838822603225708, 0.8383541107177734, 0.8405842781066895, 0.8383262157440186, 0.8380248546600342, 0.8437771797180176, 0.8432745933532715, 0.8460659980773926, 0.8432092666625977, 0.8483128547668457, 0.8466281890869141, 0.8510069847106934]
token_latency=[5.722187757492065, 0.8208260536193848, 0.8223340511322021, 0.8187901973724365, 0.8220577239990234, 0.830772876739502, 0.8228359222412109, 0.8235316276550293, 0.8293032646179199, 0.833301305770874, 0.8268804550170898, 0.8309001922607422, 0.8315699100494385, 0.8403031826019287, 0.8281705379486084, 0.8361880779266357, 0.8265442848205566, 0.8316473960876465, 0.832618236541748, 0.8340146541595459, 0.8342709541320801, 0.8353111743927002, 0.8381636142730713, 0.8371593952178955, 0.8419358730316162, 0.8399319648742676, 0.8390111923217773, 0.8394520282745361, 0.8431696891784668, 0.8431360721588135, 0.8445022106170654, 0.8445043563842773]
[rank0]:[W423 14:14:21.438748603 ProcessGroupNCCL.cpp:1575] Warning: WARNING: destroy_process_group() was not called before program exit, which can leak resources. For more info, please see https://pytorch.org/docs/stable/distributed.html#shutdown (function operator())
