/opt/venvs/zero/lib/python3.11/site-packages/transformers/utils/generic.py:260: FutureWarning: `torch.utils._pytree._register_pytree_node` is deprecated. Please use `torch.utils._pytree.register_pytree_node` instead.
  torch.utils._pytree._register_pytree_node(
/opt/venvs/zero/lib/python3.11/site-packages/transformers/utils/generic.py:260: FutureWarning: `torch.utils._pytree._register_pytree_node` is deprecated. Please use `torch.utils._pytree.register_pytree_node` instead.
  torch.utils._pytree._register_pytree_node(
/opt/venvs/zero/lib/python3.11/site-packages/huggingface_hub/file_download.py:949: FutureWarning: `resume_download` is deprecated and will be removed in version 1.0.0. Downloads always resume when possible. If you want to force a new download, use `force_download=True`.
  warnings.warn(
load model
Loading checkpoint shards:   0%|          | 0/2 [00:00<?, ?it/s]Loading checkpoint shards:  50%|█████     | 1/2 [00:09<00:09,  9.51s/it]Loading checkpoint shards: 100%|██████████| 2/2 [00:12<00:00,  5.80s/it]Loading checkpoint shards: 100%|██████████| 2/2 [00:12<00:00,  6.36s/it]
model.config = OPTConfig {
  "_name_or_path": "facebook/opt-6.7b",
  "_remove_final_layer_norm": false,
  "activation_dropout": 0.0,
  "activation_function": "relu",
  "architectures": [
    "OPTForCausalLM"
  ],
  "attention_dropout": 0.0,
  "bos_token_id": 2,
  "do_layer_norm_before": true,
  "dropout": 0.1,
  "enable_bias": true,
  "eos_token_id": 2,
  "ffn_dim": 16384,
  "hidden_size": 4096,
  "init_std": 0.02,
  "layer_norm_elementwise_affine": true,
  "layerdrop": 0.0,
  "max_position_embeddings": 2048,
  "model_type": "opt",
  "num_attention_heads": 32,
  "num_hidden_layers": 32,
  "pad_token_id": 1,
  "prefix": "</s>",
  "torch_dtype": "float16",
  "transformers_version": "4.33.0.dev0",
  "use_cache": true,
  "vocab_size": 50272,
  "word_embed_proj_dim": 4096
}

benchmark, prompt_len = 512, execute_gen_len = 32, input_ids.shape = torch.Size([12, 512])
token_latency=[4.248160362243652, 2.355323314666748, 2.343871593475342, 2.2481250762939453, 2.2476868629455566, 2.2864866256713867, 2.2524237632751465, 2.2496988773345947, 2.2687489986419678, 2.278224229812622, 2.260582208633423, 2.2552971839904785, 2.2564196586608887, 2.2529056072235107, 2.253080129623413, 2.253141403198242, 2.2540102005004883, 2.2587032318115234, 2.2560477256774902, 2.2579400539398193, 2.2559385299682617, 2.258514404296875, 2.257009983062744, 2.2576096057891846, 2.2570009231567383, 2.2582883834838867, 2.2677199840545654, 2.283111810684204, 2.274290084838867, 2.2716972827911377, 2.2767679691314697, 2.267644166946411]
token_latency=[4.075033187866211, 2.2508444786071777, 2.2483487129211426, 2.2687721252441406, 2.2529640197753906, 2.251753330230713, 2.2548623085021973, 2.2471415996551514, 2.2663323879241943, 2.2740840911865234, 2.2775015830993652, 2.2714202404022217, 2.264457941055298, 2.2708420753479004, 2.264404058456421, 2.2549030780792236, 2.255902051925659, 2.2582459449768066, 2.2561867237091064, 2.2704272270202637, 2.288041591644287, 2.275205135345459, 2.266958713531494, 2.258528232574463, 2.255227565765381, 2.2586636543273926, 2.260267496109009, 2.2573282718658447, 2.260756492614746, 2.26143217086792, 2.260592460632324, 2.260122060775757]
token_latency=[4.101249933242798, 2.245140314102173, 2.2461671829223633, 2.2513511180877686, 2.285980224609375, 2.2532732486724854, 2.2595200538635254, 2.2715461254119873, 2.2549893856048584, 2.2591452598571777, 2.2686476707458496, 2.2850589752197266, 2.287073850631714, 2.279160976409912, 2.2571592330932617, 2.2545247077941895, 2.2587270736694336, 2.254591941833496, 2.2655603885650635, 2.305979013442993, 2.2649757862091064, 2.2731094360351562, 2.277204990386963, 2.2685463428497314, 2.2567226886749268, 2.2574994564056396, 2.259110927581787, 2.267568349838257, 2.285332202911377, 2.275728225708008, 2.2757408618927, 2.266494035720825]
[rank0]:[W423 12:43:54.161764443 ProcessGroupNCCL.cpp:1575] Warning: WARNING: destroy_process_group() was not called before program exit, which can leak resources. For more info, please see https://pytorch.org/docs/stable/distributed.html#shutdown (function operator())
