/opt/venvs/zero/lib/python3.11/site-packages/transformers/utils/generic.py:260: FutureWarning: `torch.utils._pytree._register_pytree_node` is deprecated. Please use `torch.utils._pytree.register_pytree_node` instead.
  torch.utils._pytree._register_pytree_node(
/opt/venvs/zero/lib/python3.11/site-packages/transformers/utils/generic.py:260: FutureWarning: `torch.utils._pytree._register_pytree_node` is deprecated. Please use `torch.utils._pytree.register_pytree_node` instead.
  torch.utils._pytree._register_pytree_node(
/opt/venvs/zero/lib/python3.11/site-packages/huggingface_hub/file_download.py:949: FutureWarning: `resume_download` is deprecated and will be removed in version 1.0.0. Downloads always resume when possible. If you want to force a new download, use `force_download=True`.
  warnings.warn(
load model
model.config = OPTConfig {
  "_name_or_path": "facebook/opt-1.3b",
  "_remove_final_layer_norm": false,
  "activation_dropout": 0.0,
  "activation_function": "relu",
  "architectures": [
    "OPTForCausalLM"
  ],
  "attention_dropout": 0.0,
  "bos_token_id": 2,
  "do_layer_norm_before": true,
  "dropout": 0.1,
  "enable_bias": true,
  "eos_token_id": 2,
  "ffn_dim": 8192,
  "hidden_size": 2048,
  "init_std": 0.02,
  "layer_norm_elementwise_affine": true,
  "layerdrop": 0.0,
  "max_position_embeddings": 2048,
  "model_type": "opt",
  "num_attention_heads": 32,
  "num_hidden_layers": 24,
  "pad_token_id": 1,
  "prefix": "</s>",
  "torch_dtype": "float16",
  "transformers_version": "4.33.0.dev0",
  "use_cache": true,
  "vocab_size": 50272,
  "word_embed_proj_dim": 2048
}

benchmark, prompt_len = 512, execute_gen_len = 32, input_ids.shape = torch.Size([32, 512])
token_latency=[3.0039546489715576, 0.9357492923736572, 0.7723207473754883, 0.7720158100128174, 0.7680151462554932, 0.7755229473114014, 0.7688205242156982, 0.7681550979614258, 0.7710723876953125, 0.7762186527252197, 0.7720038890838623, 0.7699708938598633, 0.7741584777832031, 0.7729883193969727, 0.7728316783905029, 0.7745270729064941, 0.7749888896942139, 0.7736659049987793, 0.779332160949707, 0.7761647701263428, 0.7754900455474854, 0.7760355472564697, 0.7751255035400391, 0.777665376663208, 0.7768588066101074, 0.7778778076171875, 0.7814674377441406, 0.7803852558135986, 0.7832796573638916, 0.782975435256958, 0.7786839008331299, 0.7811946868896484]
token_latency=[2.8884856700897217, 0.7698824405670166, 0.7740511894226074, 0.7767219543457031, 0.768125057220459, 0.7702903747558594, 0.7692606449127197, 0.7691950798034668, 0.7700574398040771, 0.7850008010864258, 0.7727367877960205, 0.7753362655639648, 0.7728102207183838, 0.7729957103729248, 0.774348258972168, 0.775658130645752, 0.7727549076080322, 0.7795162200927734, 0.7793025970458984, 0.7739560604095459, 0.7745163440704346, 0.7804365158081055, 0.7778747081756592, 0.7781317234039307, 0.7823007106781006, 0.7830967903137207, 0.7794294357299805, 0.7845396995544434, 0.7799010276794434, 0.7854323387145996, 0.7789976596832275, 0.7844138145446777]
token_latency=[2.8913533687591553, 0.7710249423980713, 0.7689154148101807, 0.767193078994751, 0.7684600353240967, 0.7664287090301514, 0.7661952972412109, 0.7671146392822266, 0.7685892581939697, 0.7678203582763672, 0.7699408531188965, 0.7683067321777344, 0.7696855068206787, 0.7718358039855957, 0.7727398872375488, 0.7707843780517578, 0.7693469524383545, 0.7701077461242676, 0.7723531723022461, 0.7709624767303467, 0.7738864421844482, 0.773270845413208, 0.7748041152954102, 0.7760670185089111, 0.7740335464477539, 0.77305006980896, 0.7783999443054199, 0.7747406959533691, 0.7782421112060547, 0.7772221565246582, 0.7796106338500977, 0.7780914306640625]
[rank0]:[W423 12:53:50.882032592 ProcessGroupNCCL.cpp:1575] Warning: WARNING: destroy_process_group() was not called before program exit, which can leak resources. For more info, please see https://pytorch.org/docs/stable/distributed.html#shutdown (function operator())
