/opt/venvs/zero/lib/python3.11/site-packages/transformers/utils/generic.py:260: FutureWarning: `torch.utils._pytree._register_pytree_node` is deprecated. Please use `torch.utils._pytree.register_pytree_node` instead.
  torch.utils._pytree._register_pytree_node(
/opt/venvs/zero/lib/python3.11/site-packages/transformers/utils/generic.py:260: FutureWarning: `torch.utils._pytree._register_pytree_node` is deprecated. Please use `torch.utils._pytree.register_pytree_node` instead.
  torch.utils._pytree._register_pytree_node(
/opt/venvs/zero/lib/python3.11/site-packages/huggingface_hub/file_download.py:949: FutureWarning: `resume_download` is deprecated and will be removed in version 1.0.0. Downloads always resume when possible. If you want to force a new download, use `force_download=True`.
  warnings.warn(
load model
model.config = OPTConfig {
  "_name_or_path": "facebook/opt-1.3b",
  "_remove_final_layer_norm": false,
  "activation_dropout": 0.0,
  "activation_function": "relu",
  "architectures": [
    "OPTForCausalLM"
  ],
  "attention_dropout": 0.0,
  "bos_token_id": 2,
  "do_layer_norm_before": true,
  "dropout": 0.1,
  "enable_bias": true,
  "eos_token_id": 2,
  "ffn_dim": 8192,
  "hidden_size": 2048,
  "init_std": 0.02,
  "layer_norm_elementwise_affine": true,
  "layerdrop": 0.0,
  "max_position_embeddings": 2048,
  "model_type": "opt",
  "num_attention_heads": 32,
  "num_hidden_layers": 24,
  "pad_token_id": 1,
  "prefix": "</s>",
  "torch_dtype": "float16",
  "transformers_version": "4.33.0.dev0",
  "use_cache": true,
  "vocab_size": 50272,
  "word_embed_proj_dim": 2048
}

benchmark, prompt_len = 512, execute_gen_len = 32, input_ids.shape = torch.Size([32, 512])
token_latency=[2.897575855255127, 0.9101121425628662, 0.7726411819458008, 0.7683298587799072, 0.7708456516265869, 0.7723369598388672, 0.769383430480957, 0.7753665447235107, 0.7752435207366943, 0.7762594223022461, 0.7769014835357666, 0.777475118637085, 0.773775577545166, 0.774813175201416, 0.7754232883453369, 0.7761287689208984, 0.7758285999298096, 0.7756340503692627, 0.7754242420196533, 0.7776076793670654, 0.7813777923583984, 0.7793776988983154, 0.7776787281036377, 0.7793889045715332, 0.7832841873168945, 0.7846236228942871, 0.7837297916412354, 0.7814090251922607, 0.7806248664855957, 0.7818787097930908, 0.7858142852783203, 0.7831039428710938]
token_latency=[2.897718906402588, 0.7690675258636475, 0.7701656818389893, 0.7675583362579346, 0.7733497619628906, 0.7719559669494629, 0.7735745906829834, 0.772432804107666, 0.7715883255004883, 0.7702186107635498, 0.7725734710693359, 0.7723846435546875, 0.7752096652984619, 0.7739951610565186, 0.7752363681793213, 0.7750468254089355, 0.7768340110778809, 0.7773795127868652, 0.7806911468505859, 0.7768065929412842, 0.7766458988189697, 0.783519983291626, 0.7824060916900635, 0.7844173908233643, 0.7915809154510498, 0.7843470573425293, 0.7933440208435059, 0.7879092693328857, 0.7876741886138916, 0.7808406352996826, 0.7816925048828125, 0.7831606864929199]
token_latency=[2.9007222652435303, 0.7775757312774658, 0.7728316783905029, 0.7729475498199463, 0.7707948684692383, 0.775871753692627, 0.7691981792449951, 0.7700915336608887, 0.7747085094451904, 0.7733688354492188, 0.7742340564727783, 0.7721259593963623, 0.7776288986206055, 0.7735867500305176, 0.7759401798248291, 0.7795205116271973, 0.7729418277740479, 0.7759387493133545, 0.77518630027771, 0.7785344123840332, 0.775169849395752, 0.778087854385376, 0.7774834632873535, 0.777775764465332, 0.7787115573883057, 0.78102707862854, 0.784527063369751, 0.7805013656616211, 0.7815077304840088, 0.7809457778930664, 0.7812669277191162, 0.7813851833343506]
[rank0]:[W423 14:12:32.813918681 ProcessGroupNCCL.cpp:1575] Warning: WARNING: destroy_process_group() was not called before program exit, which can leak resources. For more info, please see https://pytorch.org/docs/stable/distributed.html#shutdown (function operator())
