/opt/venvs/zero/lib/python3.11/site-packages/transformers/utils/generic.py:260: FutureWarning: `torch.utils._pytree._register_pytree_node` is deprecated. Please use `torch.utils._pytree.register_pytree_node` instead.
  torch.utils._pytree._register_pytree_node(
/opt/venvs/zero/lib/python3.11/site-packages/transformers/utils/generic.py:260: FutureWarning: `torch.utils._pytree._register_pytree_node` is deprecated. Please use `torch.utils._pytree.register_pytree_node` instead.
  torch.utils._pytree._register_pytree_node(
/opt/venvs/zero/lib/python3.11/site-packages/huggingface_hub/file_download.py:949: FutureWarning: `resume_download` is deprecated and will be removed in version 1.0.0. Downloads always resume when possible. If you want to force a new download, use `force_download=True`.
  warnings.warn(
load model
model.config = OPTConfig {
  "_name_or_path": "facebook/opt-2.7b",
  "_remove_final_layer_norm": false,
  "activation_dropout": 0.0,
  "activation_function": "relu",
  "architectures": [
    "OPTForCausalLM"
  ],
  "attention_dropout": 0.0,
  "bos_token_id": 2,
  "do_layer_norm_before": true,
  "dropout": 0.1,
  "enable_bias": true,
  "eos_token_id": 2,
  "ffn_dim": 10240,
  "hidden_size": 2560,
  "init_std": 0.02,
  "layer_norm_elementwise_affine": true,
  "layerdrop": 0.0,
  "max_position_embeddings": 2048,
  "model_type": "opt",
  "num_attention_heads": 32,
  "num_hidden_layers": 32,
  "pad_token_id": 1,
  "prefix": "</s>",
  "torch_dtype": "float16",
  "transformers_version": "4.33.0.dev0",
  "use_cache": true,
  "vocab_size": 50272,
  "word_embed_proj_dim": 2560
}

benchmark, prompt_len = 512, execute_gen_len = 32, input_ids.shape = torch.Size([8, 512])
token_latency=[1.729038953781128, 1.1291418075561523, 0.9840912818908691, 0.9788427352905273, 0.9776453971862793, 0.9775323867797852, 0.9769744873046875, 0.9798281192779541, 0.9774184226989746, 0.9785165786743164, 0.9811913967132568, 0.9777367115020752, 0.9819586277008057, 0.9787068367004395, 0.9790213108062744, 0.9790525436401367, 0.9784560203552246, 0.9791510105133057, 0.9783177375793457, 0.9794683456420898, 0.9782547950744629, 0.9796171188354492, 0.9785654544830322, 0.979257345199585, 0.9805138111114502, 0.9794588088989258, 0.9795928001403809, 0.979975700378418, 0.9794321060180664, 0.9797306060791016, 0.9807000160217285, 0.9816579818725586]
token_latency=[1.55942702293396, 0.9753375053405762, 0.976978063583374, 0.9801435470581055, 0.9756388664245605, 0.9752120971679688, 0.9763195514678955, 0.9759588241577148, 0.9773309230804443, 0.9758527278900146, 0.9763059616088867, 0.9766983985900879, 0.977057695388794, 0.9784204959869385, 0.9780325889587402, 0.977790117263794, 0.977947473526001, 0.9789779186248779, 0.9801795482635498, 0.9785370826721191, 0.9767873287200928, 0.9784719944000244, 0.9791438579559326, 0.9794998168945312, 0.9791162014007568, 0.9806129932403564, 0.9800066947937012, 0.9803800582885742, 0.9801003932952881, 0.9806742668151855, 0.9802625179290771, 0.9794297218322754]
token_latency=[1.576833724975586, 0.9753968715667725, 0.9755356311798096, 0.9751570224761963, 0.9763979911804199, 0.9764392375946045, 0.9771468639373779, 0.9764127731323242, 0.9780504703521729, 0.9770052433013916, 0.9761009216308594, 0.9771728515625, 0.9787490367889404, 0.9770114421844482, 0.9778850078582764, 0.9782805442810059, 0.9786767959594727, 0.9797987937927246, 0.9798157215118408, 0.9789936542510986, 0.9794511795043945, 0.9785869121551514, 0.9779722690582275, 0.9791767597198486, 0.9786365032196045, 0.9797868728637695, 0.9806702136993408, 0.9790244102478027, 0.9806807041168213, 0.9800212383270264, 0.9802074432373047, 0.9817154407501221]
[rank0]:[W423 12:28:11.744295281 ProcessGroupNCCL.cpp:1575] Warning: WARNING: destroy_process_group() was not called before program exit, which can leak resources. For more info, please see https://pytorch.org/docs/stable/distributed.html#shutdown (function operator())
