/opt/venvs/zero/lib/python3.11/site-packages/transformers/utils/generic.py:260: FutureWarning: `torch.utils._pytree._register_pytree_node` is deprecated. Please use `torch.utils._pytree.register_pytree_node` instead.
  torch.utils._pytree._register_pytree_node(
/opt/venvs/zero/lib/python3.11/site-packages/transformers/utils/generic.py:260: FutureWarning: `torch.utils._pytree._register_pytree_node` is deprecated. Please use `torch.utils._pytree.register_pytree_node` instead.
  torch.utils._pytree._register_pytree_node(
/opt/venvs/zero/lib/python3.11/site-packages/huggingface_hub/file_download.py:949: FutureWarning: `resume_download` is deprecated and will be removed in version 1.0.0. Downloads always resume when possible. If you want to force a new download, use `force_download=True`.
  warnings.warn(
load model
model.config = OPTConfig {
  "_name_or_path": "facebook/opt-2.7b",
  "_remove_final_layer_norm": false,
  "activation_dropout": 0.0,
  "activation_function": "relu",
  "architectures": [
    "OPTForCausalLM"
  ],
  "attention_dropout": 0.0,
  "bos_token_id": 2,
  "do_layer_norm_before": true,
  "dropout": 0.1,
  "enable_bias": true,
  "eos_token_id": 2,
  "ffn_dim": 10240,
  "hidden_size": 2560,
  "init_std": 0.02,
  "layer_norm_elementwise_affine": true,
  "layerdrop": 0.0,
  "max_position_embeddings": 2048,
  "model_type": "opt",
  "num_attention_heads": 32,
  "num_hidden_layers": 32,
  "pad_token_id": 1,
  "prefix": "</s>",
  "torch_dtype": "float16",
  "transformers_version": "4.33.0.dev0",
  "use_cache": true,
  "vocab_size": 50272,
  "word_embed_proj_dim": 2560
}

benchmark, prompt_len = 512, execute_gen_len = 32, input_ids.shape = torch.Size([64, 512])
token_latency=[9.999728441238403, 1.6447885036468506, 1.3462135791778564, 1.3510358333587646, 1.3537731170654297, 1.3533728122711182, 1.356480360031128, 1.3598072528839111, 1.3615026473999023, 1.3629703521728516, 1.3658127784729004, 1.3675715923309326, 1.369969129562378, 1.3720555305480957, 1.3734831809997559, 1.37497878074646, 1.3774492740631104, 1.3798961639404297, 1.381960391998291, 1.3799800872802734, 1.3814895153045654, 1.3838250637054443, 1.385491132736206, 1.387225866317749, 1.3872804641723633, 1.3896470069885254, 1.3919341564178467, 1.3943634033203125, 1.3949174880981445, 1.3982646465301514, 1.3976922035217285, 1.3984522819519043]
token_latency=[9.89264726638794, 1.3464384078979492, 1.3484697341918945, 1.3506171703338623, 1.3507897853851318, 1.3556878566741943, 1.3564770221710205, 1.3597702980041504, 1.3585691452026367, 1.362940788269043, 1.3629589080810547, 1.3642072677612305, 1.3691329956054688, 1.3719818592071533, 1.3715827465057373, 1.3704187870025635, 1.3764722347259521, 1.3742129802703857, 1.382002353668213, 1.3811473846435547, 1.3811213970184326, 1.3789336681365967, 1.382885217666626, 1.386131763458252, 1.3880462646484375, 1.3891584873199463, 1.3915963172912598, 1.3911726474761963, 1.395655632019043, 1.3978822231292725, 1.3965892791748047, 1.395989179611206]
token_latency=[10.033668994903564, 1.3443808555603027, 1.3486695289611816, 1.3499336242675781, 1.3472812175750732, 1.3495705127716064, 1.3570587635040283, 1.3528475761413574, 1.3611326217651367, 1.361063003540039, 1.3665969371795654, 1.3659768104553223, 1.370288610458374, 1.3660938739776611, 1.3728249073028564, 1.3710198402404785, 1.3747928142547607, 1.3772804737091064, 1.3768627643585205, 1.3787031173706055, 1.3786060810089111, 1.3811285495758057, 1.383479118347168, 1.3811798095703125, 1.386357069015503, 1.3888394832611084, 1.390122890472412, 1.3888437747955322, 1.3939502239227295, 1.3957786560058594, 1.397092342376709, 1.3962516784667969]
[rank0]:[W423 14:36:30.781142522 ProcessGroupNCCL.cpp:1575] Warning: WARNING: destroy_process_group() was not called before program exit, which can leak resources. For more info, please see https://pytorch.org/docs/stable/distributed.html#shutdown (function operator())
