/opt/venvs/zero/lib/python3.11/site-packages/transformers/utils/generic.py:260: FutureWarning: `torch.utils._pytree._register_pytree_node` is deprecated. Please use `torch.utils._pytree.register_pytree_node` instead.
  torch.utils._pytree._register_pytree_node(
/opt/venvs/zero/lib/python3.11/site-packages/transformers/utils/generic.py:260: FutureWarning: `torch.utils._pytree._register_pytree_node` is deprecated. Please use `torch.utils._pytree.register_pytree_node` instead.
  torch.utils._pytree._register_pytree_node(
/opt/venvs/zero/lib/python3.11/site-packages/huggingface_hub/file_download.py:949: FutureWarning: `resume_download` is deprecated and will be removed in version 1.0.0. Downloads always resume when possible. If you want to force a new download, use `force_download=True`.
  warnings.warn(
load model
model.config = OPTConfig {
  "_name_or_path": "facebook/opt-1.3b",
  "_remove_final_layer_norm": false,
  "activation_dropout": 0.0,
  "activation_function": "relu",
  "architectures": [
    "OPTForCausalLM"
  ],
  "attention_dropout": 0.0,
  "bos_token_id": 2,
  "do_layer_norm_before": true,
  "dropout": 0.1,
  "enable_bias": true,
  "eos_token_id": 2,
  "ffn_dim": 8192,
  "hidden_size": 2048,
  "init_std": 0.02,
  "layer_norm_elementwise_affine": true,
  "layerdrop": 0.0,
  "max_position_embeddings": 2048,
  "model_type": "opt",
  "num_attention_heads": 32,
  "num_hidden_layers": 24,
  "pad_token_id": 1,
  "prefix": "</s>",
  "torch_dtype": "float16",
  "transformers_version": "4.33.0.dev0",
  "use_cache": true,
  "vocab_size": 50272,
  "word_embed_proj_dim": 2048
}

benchmark, prompt_len = 512, execute_gen_len = 32, input_ids.shape = torch.Size([16, 512])
token_latency=[1.6341617107391357, 0.7575836181640625, 0.6118767261505127, 0.6141016483306885, 0.6194417476654053, 0.6172854900360107, 0.6154248714447021, 0.6166584491729736, 0.6172769069671631, 0.6169099807739258, 0.6206185817718506, 0.6302971839904785, 0.6238725185394287, 0.6185705661773682, 0.6169643402099609, 0.6203370094299316, 0.6139681339263916, 0.6186301708221436, 0.6264841556549072, 0.6213657855987549, 0.614905595779419, 0.6162664890289307, 0.616349458694458, 0.6150083541870117, 0.6241171360015869, 0.6214139461517334, 0.617030143737793, 0.620002031326294, 0.6202559471130371, 0.621755838394165, 0.6181926727294922, 0.6162869930267334]
token_latency=[1.5218594074249268, 0.6164562702178955, 0.6104693412780762, 0.6108200550079346, 0.6111981868743896, 0.609943151473999, 0.6119835376739502, 0.6114113330841064, 0.6117146015167236, 0.6113555431365967, 0.6119108200073242, 0.6124100685119629, 0.6135098934173584, 0.6131265163421631, 0.6137018203735352, 0.612297534942627, 0.6120038032531738, 0.6110477447509766, 0.6114962100982666, 0.6112957000732422, 0.6144397258758545, 0.6132752895355225, 0.6124744415283203, 0.6144440174102783, 0.6129260063171387, 0.6132164001464844, 0.6139168739318848, 0.6151516437530518, 0.6159589290618896, 0.6157567501068115, 0.6167371273040771, 0.6138324737548828]
token_latency=[1.5210325717926025, 0.6087906360626221, 0.6080329418182373, 0.6095860004425049, 0.61025071144104, 0.6092226505279541, 0.6089916229248047, 0.6105670928955078, 0.6116056442260742, 0.6100795269012451, 0.6106545925140381, 0.6136102676391602, 0.6129090785980225, 0.6116535663604736, 0.6136932373046875, 0.612515926361084, 0.6115679740905762, 0.6108944416046143, 0.6116995811462402, 0.6120493412017822, 0.6119072437286377, 0.6131954193115234, 0.6128168106079102, 0.6122915744781494, 0.6132729053497314, 0.6125543117523193, 0.6142466068267822, 0.6140909194946289, 0.6150965690612793, 0.6171138286590576, 0.6155459880828857, 0.6152398586273193]
[rank0]:[W423 14:09:53.815398949 ProcessGroupNCCL.cpp:1575] Warning: WARNING: destroy_process_group() was not called before program exit, which can leak resources. For more info, please see https://pytorch.org/docs/stable/distributed.html#shutdown (function operator())
