/opt/venvs/zero/lib/python3.11/site-packages/transformers/utils/generic.py:260: FutureWarning: `torch.utils._pytree._register_pytree_node` is deprecated. Please use `torch.utils._pytree.register_pytree_node` instead.
  torch.utils._pytree._register_pytree_node(
/opt/venvs/zero/lib/python3.11/site-packages/transformers/utils/generic.py:260: FutureWarning: `torch.utils._pytree._register_pytree_node` is deprecated. Please use `torch.utils._pytree.register_pytree_node` instead.
  torch.utils._pytree._register_pytree_node(
/opt/venvs/zero/lib/python3.11/site-packages/huggingface_hub/file_download.py:949: FutureWarning: `resume_download` is deprecated and will be removed in version 1.0.0. Downloads always resume when possible. If you want to force a new download, use `force_download=True`.
  warnings.warn(
load model
model.config = OPTConfig {
  "_name_or_path": "facebook/opt-2.7b",
  "_remove_final_layer_norm": false,
  "activation_dropout": 0.0,
  "activation_function": "relu",
  "architectures": [
    "OPTForCausalLM"
  ],
  "attention_dropout": 0.0,
  "bos_token_id": 2,
  "do_layer_norm_before": true,
  "dropout": 0.1,
  "enable_bias": true,
  "eos_token_id": 2,
  "ffn_dim": 10240,
  "hidden_size": 2560,
  "init_std": 0.02,
  "layer_norm_elementwise_affine": true,
  "layerdrop": 0.0,
  "max_position_embeddings": 2048,
  "model_type": "opt",
  "num_attention_heads": 32,
  "num_hidden_layers": 32,
  "pad_token_id": 1,
  "prefix": "</s>",
  "torch_dtype": "float16",
  "transformers_version": "4.33.0.dev0",
  "use_cache": true,
  "vocab_size": 50272,
  "word_embed_proj_dim": 2560
}

benchmark, prompt_len = 512, execute_gen_len = 32, input_ids.shape = torch.Size([64, 512])
token_latency=[9.833011388778687, 2.071371078491211, 1.8871030807495117, 1.8890571594238281, 1.8867754936218262, 1.8883647918701172, 1.895054817199707, 1.8934416770935059, 1.89475679397583, 1.8972446918487549, 1.898517370223999, 1.9019155502319336, 1.904998779296875, 1.9052457809448242, 1.9048149585723877, 1.907257318496704, 1.918471336364746, 1.9179019927978516, 1.920912504196167, 1.9109141826629639, 1.915245771408081, 1.9170970916748047, 1.9177966117858887, 1.9194166660308838, 1.9185009002685547, 1.922187328338623, 1.9214115142822266, 1.923166036605835, 1.9239282608032227, 1.9249815940856934, 1.9251747131347656, 1.9275882244110107]
token_latency=[9.970186710357666, 1.8759281635284424, 1.878892421722412, 1.8816478252410889, 1.8814289569854736, 1.8818168640136719, 1.8825047016143799, 1.8880033493041992, 1.8944735527038574, 1.8911404609680176, 1.89412522315979, 1.8980579376220703, 1.897711992263794, 1.899841547012329, 1.8977673053741455, 1.9018280506134033, 1.9028255939483643, 1.905846357345581, 1.9055514335632324, 1.9095499515533447, 1.9069185256958008, 1.9084749221801758, 1.9114251136779785, 1.9136886596679688, 1.916172981262207, 1.9172537326812744, 1.9198689460754395, 1.9217100143432617, 1.9225807189941406, 1.9223582744598389, 1.921830654144287, 1.9242398738861084]
token_latency=[9.871645450592041, 1.8836791515350342, 1.8793883323669434, 1.877049207687378, 1.884040117263794, 1.88527250289917, 1.8858728408813477, 1.885605812072754, 1.8877003192901611, 1.8893656730651855, 1.8912434577941895, 1.8938939571380615, 1.8965835571289062, 1.899594783782959, 1.8981614112854004, 1.8998160362243652, 1.9013471603393555, 1.9065124988555908, 1.9074594974517822, 1.9085681438446045, 1.9108710289001465, 1.9086384773254395, 1.9118475914001465, 1.9104244709014893, 1.914501428604126, 1.917694330215454, 1.916945219039917, 1.9180331230163574, 1.9188549518585205, 1.9232017993927002, 1.925893783569336, 1.9272785186767578]
[rank0]:[W423 14:40:12.791180317 ProcessGroupNCCL.cpp:1575] Warning: WARNING: destroy_process_group() was not called before program exit, which can leak resources. For more info, please see https://pytorch.org/docs/stable/distributed.html#shutdown (function operator())
