/opt/venvs/zero/lib/python3.11/site-packages/transformers/utils/generic.py:260: FutureWarning: `torch.utils._pytree._register_pytree_node` is deprecated. Please use `torch.utils._pytree.register_pytree_node` instead.
  torch.utils._pytree._register_pytree_node(
/opt/venvs/zero/lib/python3.11/site-packages/transformers/utils/generic.py:260: FutureWarning: `torch.utils._pytree._register_pytree_node` is deprecated. Please use `torch.utils._pytree.register_pytree_node` instead.
  torch.utils._pytree._register_pytree_node(
/opt/venvs/zero/lib/python3.11/site-packages/huggingface_hub/file_download.py:949: FutureWarning: `resume_download` is deprecated and will be removed in version 1.0.0. Downloads always resume when possible. If you want to force a new download, use `force_download=True`.
  warnings.warn(
load model
model.config = OPTConfig {
  "_name_or_path": "facebook/opt-2.7b",
  "_remove_final_layer_norm": false,
  "activation_dropout": 0.0,
  "activation_function": "relu",
  "architectures": [
    "OPTForCausalLM"
  ],
  "attention_dropout": 0.0,
  "bos_token_id": 2,
  "do_layer_norm_before": true,
  "dropout": 0.1,
  "enable_bias": true,
  "eos_token_id": 2,
  "ffn_dim": 10240,
  "hidden_size": 2560,
  "init_std": 0.02,
  "layer_norm_elementwise_affine": true,
  "layerdrop": 0.0,
  "max_position_embeddings": 2048,
  "model_type": "opt",
  "num_attention_heads": 32,
  "num_hidden_layers": 32,
  "pad_token_id": 1,
  "prefix": "</s>",
  "torch_dtype": "float16",
  "transformers_version": "4.33.0.dev0",
  "use_cache": true,
  "vocab_size": 50272,
  "word_embed_proj_dim": 2560
}

benchmark, prompt_len = 512, execute_gen_len = 32, input_ids.shape = torch.Size([32, 512])
token_latency=[4.925437688827515, 1.5270066261291504, 1.3622772693634033, 1.364469051361084, 1.3691067695617676, 1.3701250553131104, 1.3706960678100586, 1.3694818019866943, 1.3695311546325684, 1.3697783946990967, 1.3713133335113525, 1.373795747756958, 1.3741929531097412, 1.3704006671905518, 1.374283790588379, 1.380174160003662, 1.3769960403442383, 1.3775315284729004, 1.3788831233978271, 1.3783178329467773, 1.3839530944824219, 1.3798463344573975, 1.3799667358398438, 1.3825585842132568, 1.37955641746521, 1.3798353672027588, 1.3842239379882812, 1.3819758892059326, 1.3827793598175049, 1.385080099105835, 1.3858096599578857, 1.3892664909362793]
token_latency=[5.064152717590332, 1.36171293258667, 1.3625335693359375, 1.3626933097839355, 1.3615524768829346, 1.365086317062378, 1.3853669166564941, 1.3851985931396484, 1.3663971424102783, 1.3668427467346191, 1.3699228763580322, 1.3710014820098877, 1.3708808422088623, 1.3706142902374268, 1.372220516204834, 1.3736965656280518, 1.3778083324432373, 1.3764400482177734, 1.375861644744873, 1.3752343654632568, 1.380650281906128, 1.376464605331421, 1.3806474208831787, 1.3829848766326904, 1.380420446395874, 1.3811542987823486, 1.3822789192199707, 1.3821892738342285, 1.3875744342803955, 1.3895115852355957, 1.383969783782959, 1.3856737613677979]
token_latency=[5.148811101913452, 1.411595344543457, 1.366464376449585, 1.3628718852996826, 1.3682575225830078, 1.3628606796264648, 1.3771171569824219, 1.3719992637634277, 1.3744466304779053, 1.370042085647583, 1.3712503910064697, 1.3707096576690674, 1.388411283493042, 1.371528148651123, 1.3723280429840088, 1.37434983253479, 1.3759047985076904, 1.3805601596832275, 1.3755683898925781, 1.376378059387207, 1.374610185623169, 1.3795106410980225, 1.3798131942749023, 1.3797729015350342, 1.3829774856567383, 1.3821308612823486, 1.3818881511688232, 1.3847167491912842, 1.382331371307373, 1.3854577541351318, 1.3863894939422607, 1.3860282897949219]
[rank0]:[W423 14:33:31.887778778 ProcessGroupNCCL.cpp:1575] Warning: WARNING: destroy_process_group() was not called before program exit, which can leak resources. For more info, please see https://pytorch.org/docs/stable/distributed.html#shutdown (function operator())
