/opt/venvs/zero/lib/python3.11/site-packages/transformers/utils/generic.py:260: FutureWarning: `torch.utils._pytree._register_pytree_node` is deprecated. Please use `torch.utils._pytree.register_pytree_node` instead.
  torch.utils._pytree._register_pytree_node(
/opt/venvs/zero/lib/python3.11/site-packages/transformers/utils/generic.py:260: FutureWarning: `torch.utils._pytree._register_pytree_node` is deprecated. Please use `torch.utils._pytree.register_pytree_node` instead.
  torch.utils._pytree._register_pytree_node(
/opt/venvs/zero/lib/python3.11/site-packages/huggingface_hub/file_download.py:949: FutureWarning: `resume_download` is deprecated and will be removed in version 1.0.0. Downloads always resume when possible. If you want to force a new download, use `force_download=True`.
  warnings.warn(
load model
model.config = OPTConfig {
  "_name_or_path": "facebook/opt-2.7b",
  "_remove_final_layer_norm": false,
  "activation_dropout": 0.0,
  "activation_function": "relu",
  "architectures": [
    "OPTForCausalLM"
  ],
  "attention_dropout": 0.0,
  "bos_token_id": 2,
  "do_layer_norm_before": true,
  "dropout": 0.1,
  "enable_bias": true,
  "eos_token_id": 2,
  "ffn_dim": 10240,
  "hidden_size": 2560,
  "init_std": 0.02,
  "layer_norm_elementwise_affine": true,
  "layerdrop": 0.0,
  "max_position_embeddings": 2048,
  "model_type": "opt",
  "num_attention_heads": 32,
  "num_hidden_layers": 32,
  "pad_token_id": 1,
  "prefix": "</s>",
  "torch_dtype": "float16",
  "transformers_version": "4.33.0.dev0",
  "use_cache": true,
  "vocab_size": 50272,
  "word_embed_proj_dim": 2560
}

benchmark, prompt_len = 512, execute_gen_len = 32, input_ids.shape = torch.Size([16, 512])
token_latency=[2.709989070892334, 1.273409366607666, 1.1055254936218262, 1.1041109561920166, 1.106210708618164, 1.1057376861572266, 1.103935956954956, 1.1041290760040283, 1.105759620666504, 1.1062793731689453, 1.1070058345794678, 1.1065163612365723, 1.1089427471160889, 1.1083145141601562, 1.1070220470428467, 1.1097710132598877, 1.1102650165557861, 1.1109137535095215, 1.1094970703125, 1.1087112426757812, 1.1110949516296387, 1.1091623306274414, 1.1092889308929443, 1.108647346496582, 1.1097571849822998, 1.1094136238098145, 1.11137056350708, 1.1123645305633545, 1.111290454864502, 1.1115972995758057, 1.113553762435913, 1.1133341789245605]
token_latency=[2.6612768173217773, 1.1019847393035889, 1.1039087772369385, 1.1037960052490234, 1.1045305728912354, 1.1074371337890625, 1.1057143211364746, 1.1062648296356201, 1.1078917980194092, 1.1077969074249268, 1.1087284088134766, 1.1081547737121582, 1.1079471111297607, 1.107398271560669, 1.1090202331542969, 1.1096961498260498, 1.1110076904296875, 1.1109800338745117, 1.1114370822906494, 1.1111862659454346, 1.1106793880462646, 1.1100516319274902, 1.110734224319458, 1.1101596355438232, 1.1110670566558838, 1.1111931800842285, 1.1109740734100342, 1.1124472618103027, 1.1131794452667236, 1.1121087074279785, 1.111668348312378, 1.1125867366790771]
token_latency=[2.684725284576416, 1.103095531463623, 1.103182077407837, 1.1027274131774902, 1.1047589778900146, 1.1053812503814697, 1.1056175231933594, 1.105834722518921, 1.10667085647583, 1.107405424118042, 1.1075844764709473, 1.1092522144317627, 1.1096031665802002, 1.1087837219238281, 1.1110405921936035, 1.1066429615020752, 1.1097126007080078, 1.110671043395996, 1.1125438213348389, 1.1116869449615479, 1.1104438304901123, 1.111046552658081, 1.1093735694885254, 1.1124417781829834, 1.1121797561645508, 1.1130664348602295, 1.1143977642059326, 1.1139640808105469, 1.1118409633636475, 1.114577054977417, 1.1150014400482178, 1.117924451828003]
[rank0]:[W423 12:32:11.758645450 ProcessGroupNCCL.cpp:1575] Warning: WARNING: destroy_process_group() was not called before program exit, which can leak resources. For more info, please see https://pytorch.org/docs/stable/distributed.html#shutdown (function operator())
